Using pre-set license
Built from '2020.2/staging' branch; Version is '2020.2.7f1 (c53830e277f1) revision 12924976'; Using compiler version '192528614'; Build Type 'Release'
OS: 'Windows 10 Home; OS build 19042.804; Version 2009; 64bit' Language: 'cs' Physical Memory: 16267 MB
BatchMode: 1, IsHumanControllingUs: 0, StartBugReporterOnCrash: 0, Is64bit: 1, IsPro: 0

 COMMAND LINE ARGUMENTS:
C:\Program Files\Unity\Hub\Editor\2020.2.7f1\Editor\Unity.exe
-adb2
-batchMode
-noUpm
-name
AssetImportWorker0
-projectPath
C:/Users/Asus/Documents/GitHub/Bakalarka
-logFile
Logs/AssetImportWorker0.log
-srvPort
50339
Successfully changed project path to: C:/Users/Asus/Documents/GitHub/Bakalarka
C:/Users/Asus/Documents/GitHub/Bakalarka
Using Asset Import Pipeline V2.
Refreshing native plugins compatible for Editor in 28.41 ms, found 0 plugins.
Preloading 0 native plugins for Editor in 0.00 ms.
Initialize engine version: 2020.2.7f1 (c53830e277f1)
[Subsystems] Discovering subsystems at path C:/Program Files/Unity/Hub/Editor/2020.2.7f1/Editor/Data/Resources/UnitySubsystems
[Subsystems] Discovering subsystems at path C:/Users/Asus/Documents/GitHub/Bakalarka/Assets
GfxDevice: creating device client; threaded=0
Direct3D:
    Version:  Direct3D 11.0 [level 11.0]
    Renderer: NVIDIA GeForce GTX 860M (ID=0x1392)
    Vendor:   
    VRAM:     4065 MB
Initialize mono
Mono path[0] = 'C:/Program Files/Unity/Hub/Editor/2020.2.7f1/Editor/Data/Managed'
Mono path[1] = 'C:/Program Files/Unity/Hub/Editor/2020.2.7f1/Editor/Data/MonoBleedingEdge/lib/mono/unityjit'
Mono config path = 'C:/Program Files/Unity/Hub/Editor/2020.2.7f1/Editor/Data/MonoBleedingEdge/etc'
Using monoOptions --debugger-agent=transport=dt_socket,embedding=1,server=y,suspend=n,address=127.0.0.1:56624
Begin MonoManager ReloadAssembly
Registering precompiled unity dll's ...
Register platform support module: C:/Program Files/Unity/Hub/Editor/2020.2.7f1/Editor/Data/PlaybackEngines/WindowsStandaloneSupport/UnityEditor.WindowsStandalone.Extensions.dll
Registered in 0.003389 seconds.
Native extension for WindowsStandalone target not found
Refreshing native plugins compatible for Editor in 28.87 ms, found 0 plugins.
Preloading 0 native plugins for Editor in 0.00 ms.
Invoked RoslynAnalysisRunner static constructor.
RoslynAnalysisRunner will not be running.
RoslynAnalysisRunner has terminated.
Mono: successfully reloaded assembly
- Completed reload, in  1.694 seconds
Platform modules already initialized, skipping
Registering precompiled user dll's ...
Registered in 0.000967 seconds.
Begin MonoManager ReloadAssembly
Native extension for WindowsStandalone target not found
Refreshing native plugins compatible for Editor in 0.27 ms, found 0 plugins.
Preloading 0 native plugins for Editor in 0.00 ms.
Invoked RoslynAnalysisRunner static constructor.
RoslynAnalysisRunner will not be running.
RoslynAnalysisRunner has terminated.
Mono: successfully reloaded assembly
- Completed reload, in  1.007 seconds
Platform modules already initialized, skipping
========================================================================
Worker process is ready to serve import requests
Launched and connected shader compiler UnityShaderCompiler.exe after 0.06 seconds
Refreshing native plugins compatible for Editor in 0.45 ms, found 0 plugins.
Preloading 0 native plugins for Editor in 0.00 ms.
Unloading 1271 Unused Serialized files (Serialized files now loaded: 0)
System memory in use before: 62.3 MB.
System memory in use after: 62.4 MB.

Unloading 10 unused Assets to reduce memory usage. Loaded Objects now: 1720.
Total: 2.819700 ms (FindLiveObjects: 0.652500 ms CreateObjectMapping: 0.137700 ms MarkObjects: 1.945600 ms  DeleteObjects: 0.082700 ms)

========================================================================
Received Import Request.
  path: Assets/Tree.prefab
  artifactKey: Guid(1c9404818003a54458fcf8e7692d0828) Importer(815301076,1909f56bfc062723c751e8b465ee728b)
Start importing Assets/Tree.prefab using Guid(1c9404818003a54458fcf8e7692d0828) Importer(815301076,1909f56bfc062723c751e8b465ee728b)  -> (artifact id: '4e51a3ac36016fa7809a34901fcd7a40') in 0.782506 seconds
  Import took 0.786738 seconds .

========================================================================
Received Import Request.
  Time since last request: 1036.182244 seconds.
  path: Assets/Tree_Textures/diffuse.png
  artifactKey: Guid(5529a0fc4a0c96944b6ed15a4bcaa097) Importer(815301076,1909f56bfc062723c751e8b465ee728b)
Start importing Assets/Tree_Textures/diffuse.png using Guid(5529a0fc4a0c96944b6ed15a4bcaa097) Importer(815301076,1909f56bfc062723c751e8b465ee728b)  -> (artifact id: 'a2ec2520cf419fcd0ded0364c17e4223') in 0.095374 seconds
  Import took 0.099745 seconds .

========================================================================
Received Import Request.
  Time since last request: 0.000430 seconds.
  path: Assets/Tree_Textures/normal_specular.png
  artifactKey: Guid(c16be9421ecbcd9458d914719d761fe9) Importer(815301076,1909f56bfc062723c751e8b465ee728b)
Start importing Assets/Tree_Textures/normal_specular.png using Guid(c16be9421ecbcd9458d914719d761fe9) Importer(815301076,1909f56bfc062723c751e8b465ee728b)  -> (artifact id: 'd4667ff6de8b1e024db3b70cdc83969d') in 0.069712 seconds
  Import took 0.073749 seconds .

========================================================================
Received Import Request.
  Time since last request: 0.000494 seconds.
  path: Assets/Tree_Textures/translucency_gloss.png
  artifactKey: Guid(e9957ca2193126541a12f32166533d2f) Importer(815301076,1909f56bfc062723c751e8b465ee728b)
Start importing Assets/Tree_Textures/translucency_gloss.png using Guid(e9957ca2193126541a12f32166533d2f) Importer(815301076,1909f56bfc062723c751e8b465ee728b)  -> (artifact id: '56a9be5ccc93607857f8a23d7ab93d73') in 0.023902 seconds
  Import took 0.027549 seconds .

========================================================================
Received Import Request.
  Time since last request: 0.000504 seconds.
  path: Assets/Tree_Textures/normal_specular.png
  artifactKey: Guid(c16be9421ecbcd9458d914719d761fe9) Importer(815301076,1909f56bfc062723c751e8b465ee728b)
Start importing Assets/Tree_Textures/normal_specular.png using Guid(c16be9421ecbcd9458d914719d761fe9) Importer(815301076,1909f56bfc062723c751e8b465ee728b)  -> (artifact id: 'd4667ff6de8b1e024db3b70cdc83969d') in 0.010905 seconds
  Import took 0.014420 seconds .

========================================================================
Received Import Request.
  Time since last request: 0.000426 seconds.
  path: Assets/Tree_Textures/diffuse.png
  artifactKey: Guid(5529a0fc4a0c96944b6ed15a4bcaa097) Importer(815301076,1909f56bfc062723c751e8b465ee728b)
Start importing Assets/Tree_Textures/diffuse.png using Guid(5529a0fc4a0c96944b6ed15a4bcaa097) Importer(815301076,1909f56bfc062723c751e8b465ee728b)  -> (artifact id: 'a2ec2520cf419fcd0ded0364c17e4223') in 0.010088 seconds
  Import took 0.013068 seconds .

========================================================================
Received Import Request.
  Time since last request: 0.000440 seconds.
  path: Assets/Tree_Textures/shadow.png
  artifactKey: Guid(108bae26db000cb41a71a0cb9f5c4f50) Importer(815301076,1909f56bfc062723c751e8b465ee728b)
Start importing Assets/Tree_Textures/shadow.png using Guid(108bae26db000cb41a71a0cb9f5c4f50) Importer(815301076,1909f56bfc062723c751e8b465ee728b)  -> (artifact id: '09551d25f1b420fe32dea5cf08f5246e') in 0.021532 seconds
  Import took 0.024673 seconds .

========================================================================
Received Import Request.
  Time since last request: 0.003663 seconds.
  path: Assets/Tree_Textures/shadow.png
  artifactKey: Guid(108bae26db000cb41a71a0cb9f5c4f50) Importer(815301076,1909f56bfc062723c751e8b465ee728b)
Start importing Assets/Tree_Textures/shadow.png using Guid(108bae26db000cb41a71a0cb9f5c4f50) Importer(815301076,1909f56bfc062723c751e8b465ee728b)  -> (artifact id: '09551d25f1b420fe32dea5cf08f5246e') in 0.009268 seconds
  Import took 0.012344 seconds .

========================================================================
Received Import Request.
  Time since last request: 9.310821 seconds.
  path: Assets/Tree_Textures
  artifactKey: Guid(f2ab404b79cfdb046adfa5cc9c247141) Importer(815301076,1909f56bfc062723c751e8b465ee728b)
Start importing Assets/Tree_Textures using Guid(f2ab404b79cfdb046adfa5cc9c247141) Importer(815301076,1909f56bfc062723c751e8b465ee728b)  -> (artifact id: '79b5db9d3e29df2d7de38258493de7b0') in 0.010405 seconds
  Import took 0.014004 seconds .

========================================================================
Received Import Request.
  Time since last request: 37.762742 seconds.
  path: Assets
  artifactKey: Guid(00000000000000001000000000000000) Importer(815301076,1909f56bfc062723c751e8b465ee728b)
Start importing Assets using Guid(00000000000000001000000000000000) Importer(815301076,1909f56bfc062723c751e8b465ee728b)  -> (artifact id: 'f89434ac489deb914593f829e0a47671') in 0.009643 seconds
  Import took 0.013730 seconds .

========================================================================
Received Import Request.
  Time since last request: 9.245677 seconds.
  path: Assets/Materilas
  artifactKey: Guid(2dea53622266c5c4ab8c8142949efc35) Importer(815301076,1909f56bfc062723c751e8b465ee728b)
Start importing Assets/Materilas using Guid(2dea53622266c5c4ab8c8142949efc35) Importer(815301076,1909f56bfc062723c751e8b465ee728b)  -> (artifact id: '8b4c1b12f74c6dbc4ce86a38fb280f53') in 0.010759 seconds
  Import took 0.013836 seconds .

========================================================================
Received Import Request.
  Time since last request: 13.721533 seconds.
  path: Assets/Materilas/New Material.mat
  artifactKey: Guid(1b309a6f720d7954e9b7dbe672131d47) Importer(815301076,1909f56bfc062723c751e8b465ee728b)
Start importing Assets/Materilas/New Material.mat using Guid(1b309a6f720d7954e9b7dbe672131d47) Importer(815301076,1909f56bfc062723c751e8b465ee728b)  -> (artifact id: '2daf3fb525fc6f89bf97183bfb205938') in 0.028390 seconds
  Import took 0.032169 seconds .

========================================================================
Received Prepare
Registering precompiled user dll's ...
Registered in 0.000964 seconds.
Begin MonoManager ReloadAssembly
Native extension for WindowsStandalone target not found
Refreshing native plugins compatible for Editor in 0.32 ms, found 0 plugins.
Preloading 0 native plugins for Editor in 0.00 ms.
Invoked RoslynAnalysisRunner static constructor.
RoslynAnalysisRunner will not be running.
RoslynAnalysisRunner has terminated.
Mono: successfully reloaded assembly
- Completed reload, in  1.001 seconds
Platform modules already initialized, skipping
Refreshing native plugins compatible for Editor in 0.32 ms, found 0 plugins.
Preloading 0 native plugins for Editor in 0.00 ms.
Unloading 1266 Unused Serialized files (Serialized files now loaded: 0)
System memory in use before: 66.0 MB.
System memory in use after: 66.1 MB.

Unloading 5 unused Assets to reduce memory usage. Loaded Objects now: 1770.
Total: 2.379900 ms (FindLiveObjects: 0.199800 ms CreateObjectMapping: 0.092400 ms MarkObjects: 2.067700 ms  DeleteObjects: 0.018600 ms)

========================================================================
Received Import Request.
  Time since last request: 807.617741 seconds.
  path: Assets/Scripts
  artifactKey: Guid(bdea0010731b9da459d1c80d0c4ded39) Importer(815301076,1909f56bfc062723c751e8b465ee728b)
Start importing Assets/Scripts using Guid(bdea0010731b9da459d1c80d0c4ded39) Importer(815301076,1909f56bfc062723c751e8b465ee728b)  -> (artifact id: '905954fb1657047ec49e80dcc2057562') in 0.011343 seconds
  Import took 0.014128 seconds .

========================================================================
Received Import Request.
  Time since last request: 0.003087 seconds.
  path: Assets/Scripts
  artifactKey: Guid(bdea0010731b9da459d1c80d0c4ded39) Importer(815301076,1909f56bfc062723c751e8b465ee728b)
Start importing Assets/Scripts using Guid(bdea0010731b9da459d1c80d0c4ded39) Importer(815301076,1909f56bfc062723c751e8b465ee728b)  -> (artifact id: '905954fb1657047ec49e80dcc2057562') in 0.004798 seconds
  Import took 0.008053 seconds .

========================================================================
Received Import Request.
  Time since last request: 23.853997 seconds.
  path: Assets/Scripts/Click.cs
  artifactKey: Guid(32e6db0aa1fe80f4dbe790afb832f2bd) Importer(815301076,1909f56bfc062723c751e8b465ee728b)
Start importing Assets/Scripts/Click.cs using Guid(32e6db0aa1fe80f4dbe790afb832f2bd) Importer(815301076,1909f56bfc062723c751e8b465ee728b)  -> (artifact id: '0f1f30409016147a5732e1f09aaffe14') in 0.036126 seconds
  Import took 0.039638 seconds .

========================================================================
Received Prepare
Registering precompiled user dll's ...
Registered in 0.001523 seconds.
Begin MonoManager ReloadAssembly
Native extension for WindowsStandalone target not found
Refreshing native plugins compatible for Editor in 0.30 ms, found 0 plugins.
Preloading 0 native plugins for Editor in 0.00 ms.
Invoked RoslynAnalysisRunner static constructor.
RoslynAnalysisRunner will not be running.
RoslynAnalysisRunner has terminated.
Mono: successfully reloaded assembly
- Completed reload, in  1.018 seconds
Platform modules already initialized, skipping
Refreshing native plugins compatible for Editor in 0.30 ms, found 0 plugins.
Preloading 0 native plugins for Editor in 0.00 ms.
Unloading 1266 Unused Serialized files (Serialized files now loaded: 0)
System memory in use before: 66.0 MB.
System memory in use after: 66.1 MB.

Unloading 5 unused Assets to reduce memory usage. Loaded Objects now: 1774.
Total: 2.673200 ms (FindLiveObjects: 0.641500 ms CreateObjectMapping: 0.083200 ms MarkObjects: 1.926900 ms  DeleteObjects: 0.019400 ms)

========================================================================
Received Prepare
Registering precompiled user dll's ...
Registered in 0.001111 seconds.
Begin MonoManager ReloadAssembly
Native extension for WindowsStandalone target not found
Refreshing native plugins compatible for Editor in 0.26 ms, found 0 plugins.
Preloading 0 native plugins for Editor in 0.00 ms.
Invoked RoslynAnalysisRunner static constructor.
RoslynAnalysisRunner will not be running.
RoslynAnalysisRunner has terminated.
Mono: successfully reloaded assembly
- Completed reload, in  1.003 seconds
Platform modules already initialized, skipping
Refreshing native plugins compatible for Editor in 0.28 ms, found 0 plugins.
Preloading 0 native plugins for Editor in 0.00 ms.
Unloading 1266 Unused Serialized files (Serialized files now loaded: 0)
System memory in use before: 66.0 MB.
System memory in use after: 66.1 MB.

Unloading 5 unused Assets to reduce memory usage. Loaded Objects now: 1777.
Total: 2.351400 ms (FindLiveObjects: 0.228000 ms CreateObjectMapping: 0.196600 ms MarkObjects: 1.895700 ms  DeleteObjects: 0.029800 ms)

========================================================================
Received Import Request.
  Time since last request: 386.512931 seconds.
  path: Assets/Scripts/Click.cs
  artifactKey: Guid(32e6db0aa1fe80f4dbe790afb832f2bd) Importer(815301076,1909f56bfc062723c751e8b465ee728b)
Start importing Assets/Scripts/Click.cs using Guid(32e6db0aa1fe80f4dbe790afb832f2bd) Importer(815301076,1909f56bfc062723c751e8b465ee728b)  -> (artifact id: '5068dadc2c57ea6024f09db64263124f') in 0.006687 seconds
  Import took 0.009708 seconds .

========================================================================
Received Prepare
Registering precompiled user dll's ...
Registered in 0.001023 seconds.
Begin MonoManager ReloadAssembly
Native extension for WindowsStandalone target not found
Refreshing native plugins compatible for Editor in 0.30 ms, found 0 plugins.
Preloading 0 native plugins for Editor in 0.00 ms.
Invoked RoslynAnalysisRunner static constructor.
RoslynAnalysisRunner will not be running.
RoslynAnalysisRunner has terminated.
Mono: successfully reloaded assembly
- Completed reload, in  0.998 seconds
Platform modules already initialized, skipping
Refreshing native plugins compatible for Editor in 0.28 ms, found 0 plugins.
Preloading 0 native plugins for Editor in 0.00 ms.
Unloading 1266 Unused Serialized files (Serialized files now loaded: 0)
System memory in use before: 66.0 MB.
System memory in use after: 66.1 MB.

Unloading 5 unused Assets to reduce memory usage. Loaded Objects now: 1780.
Total: 2.303800 ms (FindLiveObjects: 0.245400 ms CreateObjectMapping: 0.124400 ms MarkObjects: 1.912200 ms  DeleteObjects: 0.019800 ms)

========================================================================
Received Prepare
Registering precompiled user dll's ...
Registered in 0.001017 seconds.
Begin MonoManager ReloadAssembly
Native extension for WindowsStandalone target not found
Refreshing native plugins compatible for Editor in 0.27 ms, found 0 plugins.
Preloading 0 native plugins for Editor in 0.00 ms.
Invoked RoslynAnalysisRunner static constructor.
RoslynAnalysisRunner will not be running.
RoslynAnalysisRunner has terminated.
Mono: successfully reloaded assembly
- Completed reload, in  0.935 seconds
Platform modules already initialized, skipping
Refreshing native plugins compatible for Editor in 0.27 ms, found 0 plugins.
Preloading 0 native plugins for Editor in 0.00 ms.
Unloading 1266 Unused Serialized files (Serialized files now loaded: 0)
System memory in use before: 66.0 MB.
System memory in use after: 66.1 MB.

Unloading 5 unused Assets to reduce memory usage. Loaded Objects now: 1783.
Total: 2.474000 ms (FindLiveObjects: 0.264200 ms CreateObjectMapping: 0.129300 ms MarkObjects: 2.061300 ms  DeleteObjects: 0.018000 ms)

========================================================================
Received Prepare
Registering precompiled user dll's ...
Registered in 0.001032 seconds.
Begin MonoManager ReloadAssembly
Native extension for WindowsStandalone target not found
Refreshing native plugins compatible for Editor in 0.28 ms, found 0 plugins.
Preloading 0 native plugins for Editor in 0.00 ms.
Invoked RoslynAnalysisRunner static constructor.
RoslynAnalysisRunner will not be running.
RoslynAnalysisRunner has terminated.
Mono: successfully reloaded assembly
- Completed reload, in  1.027 seconds
Platform modules already initialized, skipping
Refreshing native plugins compatible for Editor in 0.29 ms, found 0 plugins.
Preloading 0 native plugins for Editor in 0.00 ms.
Unloading 1266 Unused Serialized files (Serialized files now loaded: 0)
System memory in use before: 66.0 MB.
System memory in use after: 66.1 MB.

Unloading 5 unused Assets to reduce memory usage. Loaded Objects now: 1786.
Total: 2.504200 ms (FindLiveObjects: 0.370000 ms CreateObjectMapping: 0.158800 ms MarkObjects: 1.955200 ms  DeleteObjects: 0.018500 ms)

========================================================================
Received Prepare
Registering precompiled user dll's ...
Registered in 0.001049 seconds.
Begin MonoManager ReloadAssembly
Native extension for WindowsStandalone target not found
Refreshing native plugins compatible for Editor in 0.27 ms, found 0 plugins.
Preloading 0 native plugins for Editor in 0.00 ms.
Invoked RoslynAnalysisRunner static constructor.
RoslynAnalysisRunner will not be running.
RoslynAnalysisRunner has terminated.
Mono: successfully reloaded assembly
- Completed reload, in  0.972 seconds
Platform modules already initialized, skipping
Refreshing native plugins compatible for Editor in 0.28 ms, found 0 plugins.
Preloading 0 native plugins for Editor in 0.00 ms.
Unloading 1266 Unused Serialized files (Serialized files now loaded: 0)
System memory in use before: 66.0 MB.
System memory in use after: 66.1 MB.

Unloading 5 unused Assets to reduce memory usage. Loaded Objects now: 1789.
Total: 2.236600 ms (FindLiveObjects: 0.168500 ms CreateObjectMapping: 0.051200 ms MarkObjects: 1.991300 ms  DeleteObjects: 0.024000 ms)

========================================================================
Received Prepare
Registering precompiled user dll's ...
Registered in 0.001569 seconds.
Begin MonoManager ReloadAssembly
Native extension for WindowsStandalone target not found
Refreshing native plugins compatible for Editor in 0.27 ms, found 0 plugins.
Preloading 0 native plugins for Editor in 0.00 ms.
Invoked RoslynAnalysisRunner static constructor.
RoslynAnalysisRunner will not be running.
RoslynAnalysisRunner has terminated.
Mono: successfully reloaded assembly
- Completed reload, in  1.033 seconds
Platform modules already initialized, skipping
Refreshing native plugins compatible for Editor in 0.51 ms, found 0 plugins.
Preloading 0 native plugins for Editor in 0.00 ms.
Unloading 1266 Unused Serialized files (Serialized files now loaded: 0)
System memory in use before: 66.1 MB.
System memory in use after: 66.1 MB.

Unloading 5 unused Assets to reduce memory usage. Loaded Objects now: 1792.
Total: 2.387100 ms (FindLiveObjects: 0.286900 ms CreateObjectMapping: 0.077800 ms MarkObjects: 2.001200 ms  DeleteObjects: 0.019000 ms)

========================================================================
Received Prepare
Registering precompiled user dll's ...
Registered in 0.000992 seconds.
Begin MonoManager ReloadAssembly
Native extension for WindowsStandalone target not found
Refreshing native plugins compatible for Editor in 0.28 ms, found 0 plugins.
Preloading 0 native plugins for Editor in 0.00 ms.
Invoked RoslynAnalysisRunner static constructor.
RoslynAnalysisRunner will not be running.
RoslynAnalysisRunner has terminated.
Mono: successfully reloaded assembly
- Completed reload, in  0.976 seconds
Platform modules already initialized, skipping
Refreshing native plugins compatible for Editor in 0.29 ms, found 0 plugins.
Preloading 0 native plugins for Editor in 0.00 ms.
Unloading 1266 Unused Serialized files (Serialized files now loaded: 0)
System memory in use before: 66.1 MB.
System memory in use after: 66.2 MB.

Unloading 5 unused Assets to reduce memory usage. Loaded Objects now: 1795.
Total: 2.423400 ms (FindLiveObjects: 0.235600 ms CreateObjectMapping: 0.081300 ms MarkObjects: 2.073700 ms  DeleteObjects: 0.031400 ms)

========================================================================
Received Prepare
Registering precompiled user dll's ...
Registered in 0.001053 seconds.
Begin MonoManager ReloadAssembly
Native extension for WindowsStandalone target not found
Refreshing native plugins compatible for Editor in 0.27 ms, found 0 plugins.
Preloading 0 native plugins for Editor in 0.00 ms.
Invoked RoslynAnalysisRunner static constructor.
RoslynAnalysisRunner will not be running.
RoslynAnalysisRunner has terminated.
Mono: successfully reloaded assembly
- Completed reload, in  0.967 seconds
Platform modules already initialized, skipping
Refreshing native plugins compatible for Editor in 0.27 ms, found 0 plugins.
Preloading 0 native plugins for Editor in 0.00 ms.
Unloading 1266 Unused Serialized files (Serialized files now loaded: 0)
System memory in use before: 66.1 MB.
System memory in use after: 66.2 MB.

Unloading 5 unused Assets to reduce memory usage. Loaded Objects now: 1798.
Total: 2.486900 ms (FindLiveObjects: 0.206900 ms CreateObjectMapping: 0.107600 ms MarkObjects: 2.152300 ms  DeleteObjects: 0.018600 ms)

========================================================================
Received Prepare
Registering precompiled user dll's ...
Registered in 0.001023 seconds.
Begin MonoManager ReloadAssembly
Native extension for WindowsStandalone target not found
Refreshing native plugins compatible for Editor in 0.28 ms, found 0 plugins.
Preloading 0 native plugins for Editor in 0.00 ms.
Invoked RoslynAnalysisRunner static constructor.
RoslynAnalysisRunner will not be running.
RoslynAnalysisRunner has terminated.
Mono: successfully reloaded assembly
- Completed reload, in  0.994 seconds
Platform modules already initialized, skipping
Refreshing native plugins compatible for Editor in 0.28 ms, found 0 plugins.
Preloading 0 native plugins for Editor in 0.00 ms.
Unloading 1266 Unused Serialized files (Serialized files now loaded: 0)
System memory in use before: 66.1 MB.
System memory in use after: 66.2 MB.

Unloading 5 unused Assets to reduce memory usage. Loaded Objects now: 1801.
Total: 2.893800 ms (FindLiveObjects: 0.247300 ms CreateObjectMapping: 0.068500 ms MarkObjects: 2.549900 ms  DeleteObjects: 0.026300 ms)

========================================================================
Received Prepare
Registering precompiled user dll's ...
Registered in 0.000970 seconds.
Begin MonoManager ReloadAssembly
Native extension for WindowsStandalone target not found
Refreshing native plugins compatible for Editor in 0.27 ms, found 0 plugins.
Preloading 0 native plugins for Editor in 0.00 ms.
Invoked RoslynAnalysisRunner static constructor.
RoslynAnalysisRunner will not be running.
RoslynAnalysisRunner has terminated.
Mono: successfully reloaded assembly
- Completed reload, in  0.983 seconds
Platform modules already initialized, skipping
Refreshing native plugins compatible for Editor in 0.29 ms, found 0 plugins.
Preloading 0 native plugins for Editor in 0.00 ms.
Unloading 1266 Unused Serialized files (Serialized files now loaded: 0)
System memory in use before: 66.1 MB.
System memory in use after: 66.2 MB.

Unloading 5 unused Assets to reduce memory usage. Loaded Objects now: 1804.
Total: 2.390800 ms (FindLiveObjects: 0.265300 ms CreateObjectMapping: 0.072200 ms MarkObjects: 2.029200 ms  DeleteObjects: 0.022100 ms)

========================================================================
Received Prepare
Registering precompiled user dll's ...
Registered in 0.000963 seconds.
Begin MonoManager ReloadAssembly
Native extension for WindowsStandalone target not found
Refreshing native plugins compatible for Editor in 0.27 ms, found 0 plugins.
Preloading 0 native plugins for Editor in 0.00 ms.
Invoked RoslynAnalysisRunner static constructor.
RoslynAnalysisRunner will not be running.
RoslynAnalysisRunner has terminated.
Mono: successfully reloaded assembly
- Completed reload, in  1.065 seconds
Platform modules already initialized, skipping
Refreshing native plugins compatible for Editor in 0.26 ms, found 0 plugins.
Preloading 0 native plugins for Editor in 0.00 ms.
Unloading 1266 Unused Serialized files (Serialized files now loaded: 0)
System memory in use before: 66.1 MB.
System memory in use after: 66.2 MB.

Unloading 5 unused Assets to reduce memory usage. Loaded Objects now: 1807.
Total: 2.512400 ms (FindLiveObjects: 0.294400 ms CreateObjectMapping: 0.097000 ms MarkObjects: 2.085400 ms  DeleteObjects: 0.034200 ms)

========================================================================
Received Prepare
Registering precompiled user dll's ...
Registered in 0.001237 seconds.
Begin MonoManager ReloadAssembly
Native extension for WindowsStandalone target not found
Refreshing native plugins compatible for Editor in 0.27 ms, found 0 plugins.
Preloading 0 native plugins for Editor in 0.00 ms.
Invoked RoslynAnalysisRunner static constructor.
RoslynAnalysisRunner will not be running.
RoslynAnalysisRunner has terminated.
Mono: successfully reloaded assembly
- Completed reload, in  0.985 seconds
Platform modules already initialized, skipping
Refreshing native plugins compatible for Editor in 0.28 ms, found 0 plugins.
Preloading 0 native plugins for Editor in 0.00 ms.
Unloading 1266 Unused Serialized files (Serialized files now loaded: 0)
System memory in use before: 66.1 MB.
System memory in use after: 66.2 MB.

Unloading 5 unused Assets to reduce memory usage. Loaded Objects now: 1810.
Total: 2.965900 ms (FindLiveObjects: 0.201800 ms CreateObjectMapping: 0.073000 ms MarkObjects: 2.665000 ms  DeleteObjects: 0.024100 ms)

========================================================================
Received Prepare
Registering precompiled user dll's ...
Registered in 0.001051 seconds.
Begin MonoManager ReloadAssembly
Native extension for WindowsStandalone target not found
Refreshing native plugins compatible for Editor in 0.29 ms, found 0 plugins.
Preloading 0 native plugins for Editor in 0.00 ms.
Invoked RoslynAnalysisRunner static constructor.
RoslynAnalysisRunner will not be running.
RoslynAnalysisRunner has terminated.
Mono: successfully reloaded assembly
- Completed reload, in  1.030 seconds
Platform modules already initialized, skipping
Refreshing native plugins compatible for Editor in 0.28 ms, found 0 plugins.
Preloading 0 native plugins for Editor in 0.00 ms.
Unloading 1266 Unused Serialized files (Serialized files now loaded: 0)
System memory in use before: 66.1 MB.
System memory in use after: 66.2 MB.

Unloading 5 unused Assets to reduce memory usage. Loaded Objects now: 1813.
Total: 2.007500 ms (FindLiveObjects: 0.219600 ms CreateObjectMapping: 0.103900 ms MarkObjects: 1.646900 ms  DeleteObjects: 0.035100 ms)

========================================================================
Received Prepare
Registering precompiled user dll's ...
Registered in 0.001068 seconds.
Begin MonoManager ReloadAssembly
Native extension for WindowsStandalone target not found
Refreshing native plugins compatible for Editor in 0.32 ms, found 0 plugins.
Preloading 0 native plugins for Editor in 0.00 ms.
Invoked RoslynAnalysisRunner static constructor.
RoslynAnalysisRunner will not be running.
RoslynAnalysisRunner has terminated.
Mono: successfully reloaded assembly
- Completed reload, in  1.003 seconds
Platform modules already initialized, skipping
Refreshing native plugins compatible for Editor in 0.27 ms, found 0 plugins.
Preloading 0 native plugins for Editor in 0.00 ms.
Unloading 1266 Unused Serialized files (Serialized files now loaded: 0)
System memory in use before: 66.1 MB.
System memory in use after: 66.2 MB.

Unloading 5 unused Assets to reduce memory usage. Loaded Objects now: 1816.
Total: 2.307500 ms (FindLiveObjects: 0.246800 ms CreateObjectMapping: 0.105900 ms MarkObjects: 1.932300 ms  DeleteObjects: 0.020100 ms)

========================================================================
Received Prepare
Registering precompiled user dll's ...
Registered in 0.001211 seconds.
Begin MonoManager ReloadAssembly
Native extension for WindowsStandalone target not found
Refreshing native plugins compatible for Editor in 0.28 ms, found 0 plugins.
Preloading 0 native plugins for Editor in 0.00 ms.
Invoked RoslynAnalysisRunner static constructor.
RoslynAnalysisRunner will not be running.
RoslynAnalysisRunner has terminated.
Mono: successfully reloaded assembly
- Completed reload, in  0.973 seconds
Platform modules already initialized, skipping
Refreshing native plugins compatible for Editor in 0.29 ms, found 0 plugins.
Preloading 0 native plugins for Editor in 0.00 ms.
Unloading 1266 Unused Serialized files (Serialized files now loaded: 0)
System memory in use before: 66.1 MB.
System memory in use after: 66.2 MB.

Unloading 5 unused Assets to reduce memory usage. Loaded Objects now: 1819.
Total: 2.091900 ms (FindLiveObjects: 0.173300 ms CreateObjectMapping: 0.052600 ms MarkObjects: 1.832700 ms  DeleteObjects: 0.032200 ms)

========================================================================
Received Prepare
Registering precompiled user dll's ...
Registered in 0.001064 seconds.
Begin MonoManager ReloadAssembly
Native extension for WindowsStandalone target not found
Refreshing native plugins compatible for Editor in 0.28 ms, found 0 plugins.
Preloading 0 native plugins for Editor in 0.00 ms.
Invoked RoslynAnalysisRunner static constructor.
RoslynAnalysisRunner will not be running.
RoslynAnalysisRunner has terminated.
Mono: successfully reloaded assembly
- Completed reload, in  1.002 seconds
Platform modules already initialized, skipping
Refreshing native plugins compatible for Editor in 0.27 ms, found 0 plugins.
Preloading 0 native plugins for Editor in 0.00 ms.
Unloading 1266 Unused Serialized files (Serialized files now loaded: 0)
System memory in use before: 66.1 MB.
System memory in use after: 66.2 MB.

Unloading 5 unused Assets to reduce memory usage. Loaded Objects now: 1822.
Total: 2.398600 ms (FindLiveObjects: 0.229700 ms CreateObjectMapping: 0.088400 ms MarkObjects: 2.060400 ms  DeleteObjects: 0.018200 ms)

========================================================================
Received Prepare
Registering precompiled user dll's ...
Registered in 0.001027 seconds.
Begin MonoManager ReloadAssembly
Native extension for WindowsStandalone target not found
Refreshing native plugins compatible for Editor in 0.26 ms, found 0 plugins.
Preloading 0 native plugins for Editor in 0.00 ms.
Invoked RoslynAnalysisRunner static constructor.
RoslynAnalysisRunner will not be running.
RoslynAnalysisRunner has terminated.
Mono: successfully reloaded assembly
- Completed reload, in  0.963 seconds
Platform modules already initialized, skipping
Refreshing native plugins compatible for Editor in 0.36 ms, found 0 plugins.
Preloading 0 native plugins for Editor in 0.00 ms.
Unloading 1266 Unused Serialized files (Serialized files now loaded: 0)
System memory in use before: 66.1 MB.
System memory in use after: 66.2 MB.

Unloading 5 unused Assets to reduce memory usage. Loaded Objects now: 1825.
Total: 2.650900 ms (FindLiveObjects: 0.339200 ms CreateObjectMapping: 0.137300 ms MarkObjects: 2.156500 ms  DeleteObjects: 0.016500 ms)

========================================================================
Received Prepare
Registering precompiled user dll's ...
Registered in 0.001365 seconds.
Begin MonoManager ReloadAssembly
Native extension for WindowsStandalone target not found
Refreshing native plugins compatible for Editor in 0.27 ms, found 0 plugins.
Preloading 0 native plugins for Editor in 0.00 ms.
Invoked RoslynAnalysisRunner static constructor.
RoslynAnalysisRunner will not be running.
RoslynAnalysisRunner has terminated.
Mono: successfully reloaded assembly
- Completed reload, in  0.987 seconds
Platform modules already initialized, skipping
Refreshing native plugins compatible for Editor in 0.27 ms, found 0 plugins.
Preloading 0 native plugins for Editor in 0.00 ms.
Unloading 1266 Unused Serialized files (Serialized files now loaded: 0)
System memory in use before: 66.1 MB.
System memory in use after: 66.2 MB.

Unloading 5 unused Assets to reduce memory usage. Loaded Objects now: 1828.
Total: 2.309200 ms (FindLiveObjects: 0.237000 ms CreateObjectMapping: 0.114100 ms MarkObjects: 1.936000 ms  DeleteObjects: 0.020100 ms)

========================================================================
Received Import Request.
  Time since last request: 3616.341106 seconds.
  path: Assets/Scripts/MasterScript.cs
  artifactKey: Guid(71d494b37dc33484d9c0fb6ab9ff18fa) Importer(815301076,1909f56bfc062723c751e8b465ee728b)
Start importing Assets/Scripts/MasterScript.cs using Guid(71d494b37dc33484d9c0fb6ab9ff18fa) Importer(815301076,1909f56bfc062723c751e8b465ee728b)  -> (artifact id: 'ba9be24953e8815250c10e109ece33ca') in 0.015069 seconds
  Import took 0.018679 seconds .

========================================================================
Received Import Request.
  Time since last request: 0.032528 seconds.
  path: Assets/Scripts/MasterScript.cs
  artifactKey: Guid(71d494b37dc33484d9c0fb6ab9ff18fa) Importer(815301076,1909f56bfc062723c751e8b465ee728b)
Start importing Assets/Scripts/MasterScript.cs using Guid(71d494b37dc33484d9c0fb6ab9ff18fa) Importer(815301076,1909f56bfc062723c751e8b465ee728b)  -> (artifact id: 'ba9be24953e8815250c10e109ece33ca') in 0.009585 seconds
  Import took 0.012727 seconds .

========================================================================
Received Import Request.
  Time since last request: 3.571909 seconds.
  path: Assets/Scripts/Click.cs
  artifactKey: Guid(32e6db0aa1fe80f4dbe790afb832f2bd) Importer(815301076,1909f56bfc062723c751e8b465ee728b)
Start importing Assets/Scripts/Click.cs using Guid(32e6db0aa1fe80f4dbe790afb832f2bd) Importer(815301076,1909f56bfc062723c751e8b465ee728b)  -> (artifact id: '8a7615911ee2e3d78f436c677f17fcd3') in 0.004571 seconds
  Import took 0.008120 seconds .

========================================================================
Received Import Request.
  Time since last request: 0.001156 seconds.
  path: Assets/Scripts/Click.cs
  artifactKey: Guid(32e6db0aa1fe80f4dbe790afb832f2bd) Importer(815301076,1909f56bfc062723c751e8b465ee728b)
Start importing Assets/Scripts/Click.cs using Guid(32e6db0aa1fe80f4dbe790afb832f2bd) Importer(815301076,1909f56bfc062723c751e8b465ee728b)  -> (artifact id: '8a7615911ee2e3d78f436c677f17fcd3') in 0.009254 seconds
  Import took 0.012043 seconds .

========================================================================
Received Prepare
Registering precompiled user dll's ...
Registered in 0.001135 seconds.
Begin MonoManager ReloadAssembly
Native extension for WindowsStandalone target not found
Refreshing native plugins compatible for Editor in 0.29 ms, found 0 plugins.
Preloading 0 native plugins for Editor in 0.00 ms.
Invoked RoslynAnalysisRunner static constructor.
RoslynAnalysisRunner will not be running.
RoslynAnalysisRunner has terminated.
Mono: successfully reloaded assembly
- Completed reload, in  0.970 seconds
Platform modules already initialized, skipping
Refreshing native plugins compatible for Editor in 0.29 ms, found 0 plugins.
Preloading 0 native plugins for Editor in 0.00 ms.
Unloading 1266 Unused Serialized files (Serialized files now loaded: 0)
System memory in use before: 66.1 MB.
System memory in use after: 66.2 MB.

Unloading 5 unused Assets to reduce memory usage. Loaded Objects now: 1831.
Total: 2.554900 ms (FindLiveObjects: 0.271000 ms CreateObjectMapping: 0.076800 ms MarkObjects: 2.182200 ms  DeleteObjects: 0.021100 ms)

========================================================================
Received Import Request.
  Time since last request: 67.809474 seconds.
  path: Assets/Scripts/MasterScript.cs
  artifactKey: Guid(71d494b37dc33484d9c0fb6ab9ff18fa) Importer(815301076,1909f56bfc062723c751e8b465ee728b)
Start importing Assets/Scripts/MasterScript.cs using Guid(71d494b37dc33484d9c0fb6ab9ff18fa) Importer(815301076,1909f56bfc062723c751e8b465ee728b)  -> (artifact id: 'be705bf6d92cd6914b09ad069ea88dae') in 0.006716 seconds
  Import took 0.010024 seconds .

========================================================================
Received Prepare
Registering precompiled user dll's ...
Registered in 0.000994 seconds.
Begin MonoManager ReloadAssembly
Native extension for WindowsStandalone target not found
Refreshing native plugins compatible for Editor in 0.27 ms, found 0 plugins.
Preloading 0 native plugins for Editor in 0.00 ms.
Invoked RoslynAnalysisRunner static constructor.
RoslynAnalysisRunner will not be running.
RoslynAnalysisRunner has terminated.
Mono: successfully reloaded assembly
- Completed reload, in  0.970 seconds
Platform modules already initialized, skipping
Refreshing native plugins compatible for Editor in 0.28 ms, found 0 plugins.
Preloading 0 native plugins for Editor in 0.00 ms.
Unloading 1266 Unused Serialized files (Serialized files now loaded: 0)
System memory in use before: 66.1 MB.
System memory in use after: 66.2 MB.

Unloading 5 unused Assets to reduce memory usage. Loaded Objects now: 1834.
Total: 2.363900 ms (FindLiveObjects: 0.213300 ms CreateObjectMapping: 0.058400 ms MarkObjects: 2.072100 ms  DeleteObjects: 0.018800 ms)

========================================================================
Received Prepare
Registering precompiled user dll's ...
Registered in 0.000998 seconds.
Begin MonoManager ReloadAssembly
Native extension for WindowsStandalone target not found
Refreshing native plugins compatible for Editor in 0.27 ms, found 0 plugins.
Preloading 0 native plugins for Editor in 0.00 ms.
Invoked RoslynAnalysisRunner static constructor.
RoslynAnalysisRunner will not be running.
RoslynAnalysisRunner has terminated.
Mono: successfully reloaded assembly
- Completed reload, in  0.978 seconds
Platform modules already initialized, skipping
Refreshing native plugins compatible for Editor in 0.28 ms, found 0 plugins.
Preloading 0 native plugins for Editor in 0.00 ms.
Unloading 1266 Unused Serialized files (Serialized files now loaded: 0)
System memory in use before: 66.1 MB.
System memory in use after: 66.2 MB.

Unloading 5 unused Assets to reduce memory usage. Loaded Objects now: 1837.
Total: 2.346700 ms (FindLiveObjects: 0.281100 ms CreateObjectMapping: 0.075900 ms MarkObjects: 1.971200 ms  DeleteObjects: 0.017100 ms)

========================================================================
Received Prepare
Registering precompiled user dll's ...
Registered in 0.001051 seconds.
Begin MonoManager ReloadAssembly
Native extension for WindowsStandalone target not found
Refreshing native plugins compatible for Editor in 0.30 ms, found 0 plugins.
Preloading 0 native plugins for Editor in 0.00 ms.
Invoked RoslynAnalysisRunner static constructor.
RoslynAnalysisRunner will not be running.
RoslynAnalysisRunner has terminated.
Mono: successfully reloaded assembly
- Completed reload, in  0.969 seconds
Platform modules already initialized, skipping
Refreshing native plugins compatible for Editor in 0.28 ms, found 0 plugins.
Preloading 0 native plugins for Editor in 0.00 ms.
Unloading 1266 Unused Serialized files (Serialized files now loaded: 0)
System memory in use before: 66.1 MB.
System memory in use after: 66.2 MB.

Unloading 5 unused Assets to reduce memory usage. Loaded Objects now: 1840.
Total: 2.527400 ms (FindLiveObjects: 0.259500 ms CreateObjectMapping: 0.094300 ms MarkObjects: 2.154700 ms  DeleteObjects: 0.017200 ms)

========================================================================
Received Import Request.
  Time since last request: 266.083182 seconds.
  path: Assets/Scripts/SettingMasterScript.cs
  artifactKey: Guid(b7d83fe9a338c5d4a89b730d0d25a1be) Importer(815301076,1909f56bfc062723c751e8b465ee728b)
Start importing Assets/Scripts/SettingMasterScript.cs using Guid(b7d83fe9a338c5d4a89b730d0d25a1be) Importer(815301076,1909f56bfc062723c751e8b465ee728b)  -> (artifact id: 'd2a358f11b0459effcb3a61d8b8eb026') in 0.017008 seconds
  Import took 0.020905 seconds .

========================================================================
Received Prepare
Registering precompiled user dll's ...
Registered in 0.001131 seconds.
Begin MonoManager ReloadAssembly
Native extension for WindowsStandalone target not found
Refreshing native plugins compatible for Editor in 0.29 ms, found 0 plugins.
Preloading 0 native plugins for Editor in 0.00 ms.
Invoked RoslynAnalysisRunner static constructor.
RoslynAnalysisRunner will not be running.
RoslynAnalysisRunner has terminated.
Mono: successfully reloaded assembly
- Completed reload, in  1.073 seconds
Platform modules already initialized, skipping
Refreshing native plugins compatible for Editor in 0.27 ms, found 0 plugins.
Preloading 0 native plugins for Editor in 0.00 ms.
Unloading 1267 Unused Serialized files (Serialized files now loaded: 0)
System memory in use before: 66.2 MB.
System memory in use after: 66.3 MB.

Unloading 5 unused Assets to reduce memory usage. Loaded Objects now: 1844.
Total: 2.417400 ms (FindLiveObjects: 0.282000 ms CreateObjectMapping: 0.113000 ms MarkObjects: 2.000200 ms  DeleteObjects: 0.020900 ms)

========================================================================
Received Import Request.
  Time since last request: 242.987785 seconds.
  path: Assets/Scripts/SettingMasterScript.cs
  artifactKey: Guid(b7d83fe9a338c5d4a89b730d0d25a1be) Importer(815301076,1909f56bfc062723c751e8b465ee728b)
Start importing Assets/Scripts/SettingMasterScript.cs using Guid(b7d83fe9a338c5d4a89b730d0d25a1be) Importer(815301076,1909f56bfc062723c751e8b465ee728b)  -> (artifact id: '8e41cd255fb963f0134c560fcd120f3f') in 0.009843 seconds
  Import took 0.013718 seconds .

========================================================================
Received Prepare
Registering precompiled user dll's ...
Registered in 0.001171 seconds.
Begin MonoManager ReloadAssembly
Native extension for WindowsStandalone target not found
Refreshing native plugins compatible for Editor in 0.27 ms, found 0 plugins.
Preloading 0 native plugins for Editor in 0.00 ms.
Invoked RoslynAnalysisRunner static constructor.
RoslynAnalysisRunner will not be running.
RoslynAnalysisRunner has terminated.
Mono: successfully reloaded assembly
- Completed reload, in  0.964 seconds
Platform modules already initialized, skipping
Refreshing native plugins compatible for Editor in 0.28 ms, found 0 plugins.
Preloading 0 native plugins for Editor in 0.00 ms.
Unloading 1267 Unused Serialized files (Serialized files now loaded: 0)
System memory in use before: 66.2 MB.
System memory in use after: 66.3 MB.

Unloading 5 unused Assets to reduce memory usage. Loaded Objects now: 1847.
Total: 2.366500 ms (FindLiveObjects: 0.212900 ms CreateObjectMapping: 0.091600 ms MarkObjects: 2.035700 ms  DeleteObjects: 0.024100 ms)

========================================================================
Received Import Request.
  Time since last request: 577.096972 seconds.
  path: Assets/Classes
  artifactKey: Guid(943c30351a2ab2b46a2cad4535f603bb) Importer(815301076,1909f56bfc062723c751e8b465ee728b)
Start importing Assets/Classes using Guid(943c30351a2ab2b46a2cad4535f603bb) Importer(815301076,1909f56bfc062723c751e8b465ee728b)  -> (artifact id: 'e98c46359d7c9c35b5571d9104e7cbbe') in 0.019085 seconds
  Import took 0.023267 seconds .

========================================================================
Received Import Request.
  Time since last request: 0.001294 seconds.
  path: Assets/Classes
  artifactKey: Guid(943c30351a2ab2b46a2cad4535f603bb) Importer(815301076,1909f56bfc062723c751e8b465ee728b)
Start importing Assets/Classes using Guid(943c30351a2ab2b46a2cad4535f603bb) Importer(815301076,1909f56bfc062723c751e8b465ee728b)  -> (artifact id: 'e98c46359d7c9c35b5571d9104e7cbbe') in 0.005050 seconds
  Import took 0.007966 seconds .

========================================================================
Received Import Request.
  Time since last request: 9.395380 seconds.
  path: Assets/Classes/PlayerTroop.cs
  artifactKey: Guid(c490eb3b6177894449943c3a2dfc65f4) Importer(815301076,1909f56bfc062723c751e8b465ee728b)
Start importing Assets/Classes/PlayerTroop.cs using Guid(c490eb3b6177894449943c3a2dfc65f4) Importer(815301076,1909f56bfc062723c751e8b465ee728b)  -> (artifact id: 'b6031b0a4a128f0e6900eb83b0e25f19') in 0.012979 seconds
  Import took 0.017541 seconds .

========================================================================
Received Prepare
Registering precompiled user dll's ...
Registered in 0.001852 seconds.
Begin MonoManager ReloadAssembly
Native extension for WindowsStandalone target not found
Refreshing native plugins compatible for Editor in 0.30 ms, found 0 plugins.
Preloading 0 native plugins for Editor in 0.00 ms.
Invoked RoslynAnalysisRunner static constructor.
RoslynAnalysisRunner will not be running.
RoslynAnalysisRunner has terminated.
Mono: successfully reloaded assembly
- Completed reload, in  1.110 seconds
Platform modules already initialized, skipping
Refreshing native plugins compatible for Editor in 0.31 ms, found 0 plugins.
Preloading 0 native plugins for Editor in 0.00 ms.
Unloading 1268 Unused Serialized files (Serialized files now loaded: 0)
System memory in use before: 66.2 MB.
System memory in use after: 66.3 MB.

Unloading 5 unused Assets to reduce memory usage. Loaded Objects now: 1851.
Total: 2.190700 ms (FindLiveObjects: 0.176300 ms CreateObjectMapping: 0.051300 ms MarkObjects: 1.938600 ms  DeleteObjects: 0.023100 ms)

========================================================================
Received Prepare
Registering precompiled user dll's ...
Registered in 0.001167 seconds.
Begin MonoManager ReloadAssembly
Native extension for WindowsStandalone target not found
Refreshing native plugins compatible for Editor in 0.33 ms, found 0 plugins.
Preloading 0 native plugins for Editor in 0.00 ms.
Invoked RoslynAnalysisRunner static constructor.
RoslynAnalysisRunner will not be running.
RoslynAnalysisRunner has terminated.
Mono: successfully reloaded assembly
- Completed reload, in  0.979 seconds
Platform modules already initialized, skipping
Refreshing native plugins compatible for Editor in 0.28 ms, found 0 plugins.
Preloading 0 native plugins for Editor in 0.00 ms.
Unloading 1268 Unused Serialized files (Serialized files now loaded: 0)
System memory in use before: 66.2 MB.
System memory in use after: 66.3 MB.

Unloading 5 unused Assets to reduce memory usage. Loaded Objects now: 1854.
Total: 2.860300 ms (FindLiveObjects: 0.205700 ms CreateObjectMapping: 0.088500 ms MarkObjects: 2.543800 ms  DeleteObjects: 0.021000 ms)

========================================================================
Received Import Request.
  Time since last request: 306.691428 seconds.
  path: Assets/Classes/PlayerTroop.cs
  artifactKey: Guid(c490eb3b6177894449943c3a2dfc65f4) Importer(815301076,1909f56bfc062723c751e8b465ee728b)
Start importing Assets/Classes/PlayerTroop.cs using Guid(c490eb3b6177894449943c3a2dfc65f4) Importer(815301076,1909f56bfc062723c751e8b465ee728b)  -> (artifact id: '9634cce849dff0ef366ed78dfa08d0e2') in 0.007075 seconds
  Import took 0.010070 seconds .

========================================================================
Received Prepare
Registering precompiled user dll's ...
Registered in 0.001112 seconds.
Begin MonoManager ReloadAssembly
Native extension for WindowsStandalone target not found
Refreshing native plugins compatible for Editor in 0.27 ms, found 0 plugins.
Preloading 0 native plugins for Editor in 0.00 ms.
Invoked RoslynAnalysisRunner static constructor.
RoslynAnalysisRunner will not be running.
RoslynAnalysisRunner has terminated.
Mono: successfully reloaded assembly
- Completed reload, in  1.027 seconds
Platform modules already initialized, skipping
Refreshing native plugins compatible for Editor in 0.29 ms, found 0 plugins.
Preloading 0 native plugins for Editor in 0.00 ms.
Unloading 1268 Unused Serialized files (Serialized files now loaded: 0)
System memory in use before: 66.2 MB.
System memory in use after: 66.3 MB.

Unloading 5 unused Assets to reduce memory usage. Loaded Objects now: 1857.
Total: 2.150200 ms (FindLiveObjects: 0.213600 ms CreateObjectMapping: 0.050400 ms MarkObjects: 1.868400 ms  DeleteObjects: 0.016500 ms)

========================================================================
Received Prepare
Registering precompiled user dll's ...
Registered in 0.001216 seconds.
Begin MonoManager ReloadAssembly
Native extension for WindowsStandalone target not found
Refreshing native plugins compatible for Editor in 0.33 ms, found 0 plugins.
Preloading 0 native plugins for Editor in 0.00 ms.
Invoked RoslynAnalysisRunner static constructor.
RoslynAnalysisRunner will not be running.
RoslynAnalysisRunner has terminated.
Mono: successfully reloaded assembly
- Completed reload, in  1.236 seconds
Platform modules already initialized, skipping
Refreshing native plugins compatible for Editor in 0.29 ms, found 0 plugins.
Preloading 0 native plugins for Editor in 0.00 ms.
Unloading 1268 Unused Serialized files (Serialized files now loaded: 0)
System memory in use before: 66.2 MB.
System memory in use after: 66.3 MB.

Unloading 5 unused Assets to reduce memory usage. Loaded Objects now: 1860.
Total: 2.954800 ms (FindLiveObjects: 0.639800 ms CreateObjectMapping: 0.132000 ms MarkObjects: 2.161900 ms  DeleteObjects: 0.018800 ms)

========================================================================
Received Prepare
Registering precompiled user dll's ...
Registered in 0.001030 seconds.
Begin MonoManager ReloadAssembly
Native extension for WindowsStandalone target not found
Refreshing native plugins compatible for Editor in 0.48 ms, found 0 plugins.
Preloading 0 native plugins for Editor in 0.00 ms.
Invoked RoslynAnalysisRunner static constructor.
RoslynAnalysisRunner will not be running.
RoslynAnalysisRunner has terminated.
Mono: successfully reloaded assembly
- Completed reload, in  1.151 seconds
Platform modules already initialized, skipping
Refreshing native plugins compatible for Editor in 0.30 ms, found 0 plugins.
Preloading 0 native plugins for Editor in 0.00 ms.
Unloading 1268 Unused Serialized files (Serialized files now loaded: 0)
System memory in use before: 66.2 MB.
System memory in use after: 66.3 MB.

Unloading 5 unused Assets to reduce memory usage. Loaded Objects now: 1863.
Total: 2.876500 ms (FindLiveObjects: 0.248100 ms CreateObjectMapping: 0.092700 ms MarkObjects: 2.489200 ms  DeleteObjects: 0.043600 ms)

========================================================================
Received Import Request.
  Time since last request: 753.819356 seconds.
  path: Assets/Classes/Grass.cs
  artifactKey: Guid(892023817f40c0f45b8f6c8f1a863f4b) Importer(815301076,1909f56bfc062723c751e8b465ee728b)
Start importing Assets/Classes/Grass.cs using Guid(892023817f40c0f45b8f6c8f1a863f4b) Importer(815301076,1909f56bfc062723c751e8b465ee728b)  -> (artifact id: 'b283e9746368572b99c40fc511ac340a') in 0.016289 seconds
  Import took 0.020537 seconds .

========================================================================
Received Prepare
Registering precompiled user dll's ...
Registered in 0.001037 seconds.
Begin MonoManager ReloadAssembly
Native extension for WindowsStandalone target not found
Refreshing native plugins compatible for Editor in 0.28 ms, found 0 plugins.
Preloading 0 native plugins for Editor in 0.00 ms.
Invoked RoslynAnalysisRunner static constructor.
RoslynAnalysisRunner will not be running.
RoslynAnalysisRunner has terminated.
Mono: successfully reloaded assembly
- Completed reload, in  1.030 seconds
Platform modules already initialized, skipping
Refreshing native plugins compatible for Editor in 0.36 ms, found 0 plugins.
Preloading 0 native plugins for Editor in 0.00 ms.
Unloading 1269 Unused Serialized files (Serialized files now loaded: 0)
System memory in use before: 66.3 MB.
System memory in use after: 66.4 MB.

Unloading 5 unused Assets to reduce memory usage. Loaded Objects now: 1867.
Total: 2.992300 ms (FindLiveObjects: 0.401200 ms CreateObjectMapping: 0.186700 ms MarkObjects: 2.379700 ms  DeleteObjects: 0.022200 ms)

========================================================================
Received Import Request.
  Time since last request: 154.940337 seconds.
  path: Assets/Classes/Grass.cs
  artifactKey: Guid(892023817f40c0f45b8f6c8f1a863f4b) Importer(815301076,1909f56bfc062723c751e8b465ee728b)
Start importing Assets/Classes/Grass.cs using Guid(892023817f40c0f45b8f6c8f1a863f4b) Importer(815301076,1909f56bfc062723c751e8b465ee728b)  -> (artifact id: 'e30e236dfd21c5f782cf1e3876db0b93') in 0.008417 seconds
  Import took 0.011788 seconds .

========================================================================
Received Prepare
Registering precompiled user dll's ...
Registered in 0.001134 seconds.
Begin MonoManager ReloadAssembly
Native extension for WindowsStandalone target not found
Refreshing native plugins compatible for Editor in 0.38 ms, found 0 plugins.
Preloading 0 native plugins for Editor in 0.00 ms.
Invoked RoslynAnalysisRunner static constructor.
RoslynAnalysisRunner will not be running.
RoslynAnalysisRunner has terminated.
Mono: successfully reloaded assembly
- Completed reload, in  1.234 seconds
Platform modules already initialized, skipping
Refreshing native plugins compatible for Editor in 0.29 ms, found 0 plugins.
Preloading 0 native plugins for Editor in 0.00 ms.
Unloading 1269 Unused Serialized files (Serialized files now loaded: 0)
System memory in use before: 66.3 MB.
System memory in use after: 66.4 MB.

Unloading 5 unused Assets to reduce memory usage. Loaded Objects now: 1870.
Total: 2.335300 ms (FindLiveObjects: 0.193400 ms CreateObjectMapping: 0.054200 ms MarkObjects: 2.056000 ms  DeleteObjects: 0.029100 ms)

========================================================================
Received Prepare
Registering precompiled user dll's ...
Registered in 0.001130 seconds.
Begin MonoManager ReloadAssembly
Native extension for WindowsStandalone target not found
Refreshing native plugins compatible for Editor in 0.29 ms, found 0 plugins.
Preloading 0 native plugins for Editor in 0.00 ms.
Invoked RoslynAnalysisRunner static constructor.
RoslynAnalysisRunner will not be running.
RoslynAnalysisRunner has terminated.
Mono: successfully reloaded assembly
- Completed reload, in  1.182 seconds
Platform modules already initialized, skipping
Refreshing native plugins compatible for Editor in 0.28 ms, found 0 plugins.
Preloading 0 native plugins for Editor in 0.00 ms.
Unloading 1269 Unused Serialized files (Serialized files now loaded: 0)
System memory in use before: 66.3 MB.
System memory in use after: 66.4 MB.

Unloading 5 unused Assets to reduce memory usage. Loaded Objects now: 1873.
Total: 2.301800 ms (FindLiveObjects: 0.225700 ms CreateObjectMapping: 0.052700 ms MarkObjects: 1.998800 ms  DeleteObjects: 0.022700 ms)

