Using pre-set license
Built from '2020.2/staging' branch; Version is '2020.2.7f1 (c53830e277f1) revision 12924976'; Using compiler version '192528614'; Build Type 'Release'
OS: 'Windows 10 Home; OS build 19042.985; Version 2009; 64bit' Language: 'cs' Physical Memory: 16267 MB
BatchMode: 1, IsHumanControllingUs: 0, StartBugReporterOnCrash: 0, Is64bit: 1, IsPro: 0

 COMMAND LINE ARGUMENTS:
C:\Program Files\Unity\Hub\Editor\2020.2.7f1\Editor\Unity.exe
-adb2
-batchMode
-noUpm
-name
AssetImportWorker3
-projectPath
C:/Users/Asus/Documents/GitHub/Bakalarka
-logFile
Logs/AssetImportWorker3.log
-srvPort
62062
Successfully changed project path to: C:/Users/Asus/Documents/GitHub/Bakalarka
C:/Users/Asus/Documents/GitHub/Bakalarka
Using Asset Import Pipeline V2.
Refreshing native plugins compatible for Editor in 46.43 ms, found 0 plugins.
Preloading 0 native plugins for Editor in 0.00 ms.
Initialize engine version: 2020.2.7f1 (c53830e277f1)
[Subsystems] Discovering subsystems at path C:/Program Files/Unity/Hub/Editor/2020.2.7f1/Editor/Data/Resources/UnitySubsystems
[Subsystems] Discovering subsystems at path C:/Users/Asus/Documents/GitHub/Bakalarka/Assets
GfxDevice: creating device client; threaded=0
Direct3D:
    Version:  Direct3D 11.0 [level 11.0]
    Renderer: NVIDIA GeForce GTX 860M (ID=0x1392)
    Vendor:   
    VRAM:     4065 MB
Initialize mono
Mono path[0] = 'C:/Program Files/Unity/Hub/Editor/2020.2.7f1/Editor/Data/Managed'
Mono path[1] = 'C:/Program Files/Unity/Hub/Editor/2020.2.7f1/Editor/Data/MonoBleedingEdge/lib/mono/unityjit'
Mono config path = 'C:/Program Files/Unity/Hub/Editor/2020.2.7f1/Editor/Data/MonoBleedingEdge/etc'
Using monoOptions --debugger-agent=transport=dt_socket,embedding=1,server=y,suspend=n,address=127.0.0.1:56932
Begin MonoManager ReloadAssembly
Registering precompiled unity dll's ...
Register platform support module: C:/Program Files/Unity/Hub/Editor/2020.2.7f1/Editor/Data/PlaybackEngines/WindowsStandaloneSupport/UnityEditor.WindowsStandalone.Extensions.dll
Registered in 0.004550 seconds.
Native extension for WindowsStandalone target not found
Refreshing native plugins compatible for Editor in 36.16 ms, found 0 plugins.
Preloading 0 native plugins for Editor in 0.00 ms.
Invoked RoslynAnalysisRunner static constructor.
RoslynAnalysisRunner will not be running.
RoslynAnalysisRunner has terminated.
Mono: successfully reloaded assembly
- Completed reload, in 11.477 seconds
Platform modules already initialized, skipping
Registering precompiled user dll's ...
Registered in 0.001326 seconds.
Begin MonoManager ReloadAssembly
Native extension for WindowsStandalone target not found
Refreshing native plugins compatible for Editor in 0.32 ms, found 0 plugins.
Preloading 0 native plugins for Editor in 0.00 ms.
Invoked RoslynAnalysisRunner static constructor.
RoslynAnalysisRunner will not be running.
RoslynAnalysisRunner has terminated.
Mono: successfully reloaded assembly
- Completed reload, in  2.108 seconds
Platform modules already initialized, skipping
========================================================================
Worker process is ready to serve import requests
Launched and connected shader compiler UnityShaderCompiler.exe after 0.28 seconds
Refreshing native plugins compatible for Editor in 0.38 ms, found 0 plugins.
Preloading 0 native plugins for Editor in 0.00 ms.
Unloading 1504 Unused Serialized files (Serialized files now loaded: 0)
System memory in use before: 82.9 MB.
System memory in use after: 83.0 MB.

Unloading 9 unused Assets to reduce memory usage. Loaded Objects now: 1971.
Total: 2.584600 ms (FindLiveObjects: 0.449400 ms CreateObjectMapping: 0.196900 ms MarkObjects: 1.905300 ms  DeleteObjects: 0.031300 ms)

========================================================================
Received Import Request.
  path: Assets/tower.fbx
  artifactKey: Guid(f91cebb146567e344bd4ef34e82689e2) Importer(815301076,1909f56bfc062723c751e8b465ee728b)
Start importing Assets/tower.fbx using Guid(f91cebb146567e344bd4ef34e82689e2) Importer(815301076,1909f56bfc062723c751e8b465ee728b)  -> (artifact id: 'c83d53ea8d3345a85bc59879f030eb9e') in 0.218019 seconds
  Import took 0.232035 seconds .

========================================================================
Received Prepare
Registering precompiled user dll's ...
Registered in 0.001475 seconds.
Begin MonoManager ReloadAssembly
Native extension for WindowsStandalone target not found
Refreshing native plugins compatible for Editor in 0.32 ms, found 0 plugins.
Preloading 0 native plugins for Editor in 0.00 ms.
Invoked RoslynAnalysisRunner static constructor.
RoslynAnalysisRunner will not be running.
RoslynAnalysisRunner has terminated.
Mono: successfully reloaded assembly
- Completed reload, in  1.133 seconds
Platform modules already initialized, skipping
Refreshing native plugins compatible for Editor in 0.40 ms, found 0 plugins.
Preloading 0 native plugins for Editor in 0.00 ms.
Unloading 1483 Unused Serialized files (Serialized files now loaded: 0)
System memory in use before: 85.2 MB.
System memory in use after: 85.3 MB.

Unloading 6 unused Assets to reduce memory usage. Loaded Objects now: 1984.
Total: 2.062000 ms (FindLiveObjects: 0.292800 ms CreateObjectMapping: 0.089300 ms MarkObjects: 1.647800 ms  DeleteObjects: 0.030300 ms)

========================================================================
Received Import Request.
  Time since last request: 85.213511 seconds.
  path: Assets/Prefabs/Map.prefab
  artifactKey: Guid(a45069545bc712c4ab6b8b56cdf10206) Importer(815301076,1909f56bfc062723c751e8b465ee728b)
Start importing Assets/Prefabs/Map.prefab using Guid(a45069545bc712c4ab6b8b56cdf10206) Importer(815301076,1909f56bfc062723c751e8b465ee728b)  -> (artifact id: 'a1df7f51492c02a66cc84dcd7ba19a81') in 0.139598 seconds
  Import took 0.146948 seconds .

========================================================================
Received Import Request.
  Time since last request: 38.394092 seconds.
  path: Assets/Prefabs/Map.prefab
  artifactKey: Guid(a45069545bc712c4ab6b8b56cdf10206) Importer(815301076,1909f56bfc062723c751e8b465ee728b)
Start importing Assets/Prefabs/Map.prefab using Guid(a45069545bc712c4ab6b8b56cdf10206) Importer(815301076,1909f56bfc062723c751e8b465ee728b)  -> (artifact id: 'bd3ffb2ac66f58835f8f56938e0e7cca') in 0.063821 seconds
  Import took 0.073832 seconds .

========================================================================
Received Import Request.
  Time since last request: 35.193055 seconds.
  path: Assets/Prefabs/Map.prefab
  artifactKey: Guid(a45069545bc712c4ab6b8b56cdf10206) Importer(815301076,1909f56bfc062723c751e8b465ee728b)
Start importing Assets/Prefabs/Map.prefab using Guid(a45069545bc712c4ab6b8b56cdf10206) Importer(815301076,1909f56bfc062723c751e8b465ee728b)  -> (artifact id: '79c70854cb652a7815c537b5c6acbdf5') in 0.060878 seconds
  Import took 0.068498 seconds .

========================================================================
Received Import Request.
  Time since last request: 29.219921 seconds.
  path: Assets/Prefabs/Map.prefab
  artifactKey: Guid(a45069545bc712c4ab6b8b56cdf10206) Importer(815301076,1909f56bfc062723c751e8b465ee728b)
Start importing Assets/Prefabs/Map.prefab using Guid(a45069545bc712c4ab6b8b56cdf10206) Importer(815301076,1909f56bfc062723c751e8b465ee728b)  -> (artifact id: '10802568ecd6df6fb5536875a7958c0e') in 0.051615 seconds
  Import took 0.059148 seconds .

========================================================================
Received Import Request.
  Time since last request: 6.540620 seconds.
  path: Assets/Prefabs/Map.prefab
  artifactKey: Guid(a45069545bc712c4ab6b8b56cdf10206) Importer(815301076,1909f56bfc062723c751e8b465ee728b)
Start importing Assets/Prefabs/Map.prefab using Guid(a45069545bc712c4ab6b8b56cdf10206) Importer(815301076,1909f56bfc062723c751e8b465ee728b)  -> (artifact id: '273f5f3f20c3aac5181a497527a02d3f') in 0.049426 seconds
  Import took 0.057345 seconds .

========================================================================
Received Import Request.
  Time since last request: 5.504398 seconds.
  path: Assets/Prefabs/Map.prefab
  artifactKey: Guid(a45069545bc712c4ab6b8b56cdf10206) Importer(815301076,1909f56bfc062723c751e8b465ee728b)
Start importing Assets/Prefabs/Map.prefab using Guid(a45069545bc712c4ab6b8b56cdf10206) Importer(815301076,1909f56bfc062723c751e8b465ee728b)  -> (artifact id: 'aa1b0d11da82228d843092ad7c298864') in 0.053127 seconds
  Import took 0.060323 seconds .

========================================================================
Received Import Request.
  Time since last request: 99.749031 seconds.
  path: Assets/Materilas/Black.mat
  artifactKey: Guid(2aee1b83f83bca54d98773dc659b291a) Importer(815301076,1909f56bfc062723c751e8b465ee728b)
Start importing Assets/Materilas/Black.mat using Guid(2aee1b83f83bca54d98773dc659b291a) Importer(815301076,1909f56bfc062723c751e8b465ee728b)  -> (artifact id: 'd5bd37997537d6ea681db2ae0ab8f7eb') in 0.098910 seconds
  Import took 0.103573 seconds .

========================================================================
Received Import Request.
  Time since last request: 0.007479 seconds.
  path: Assets/Prefabs/Map.prefab
  artifactKey: Guid(a45069545bc712c4ab6b8b56cdf10206) Importer(815301076,1909f56bfc062723c751e8b465ee728b)
Start importing Assets/Prefabs/Map.prefab using Guid(a45069545bc712c4ab6b8b56cdf10206) Importer(815301076,1909f56bfc062723c751e8b465ee728b)  -> (artifact id: '866df53dd42990086777cf5af1d4b795') in 0.060933 seconds
  Import took 0.068229 seconds .

========================================================================
Received Import Request.
  Time since last request: 6.850231 seconds.
  path: Assets/Prefabs/Map.prefab
  artifactKey: Guid(a45069545bc712c4ab6b8b56cdf10206) Importer(815301076,1909f56bfc062723c751e8b465ee728b)
Start importing Assets/Prefabs/Map.prefab using Guid(a45069545bc712c4ab6b8b56cdf10206) Importer(815301076,1909f56bfc062723c751e8b465ee728b)  -> (artifact id: '3ca3b234209f4d0f558776d43c21daf1') in 0.054119 seconds
  Import took 0.062845 seconds .

========================================================================
Received Import Request.
  Time since last request: 0.013843 seconds.
  path: Assets/Prefabs/Map.prefab
  artifactKey: Guid(a45069545bc712c4ab6b8b56cdf10206) Importer(815301076,1909f56bfc062723c751e8b465ee728b)
Start importing Assets/Prefabs/Map.prefab using Guid(a45069545bc712c4ab6b8b56cdf10206) Importer(815301076,1909f56bfc062723c751e8b465ee728b)  -> (artifact id: '3ca3b234209f4d0f558776d43c21daf1') in 0.053780 seconds
  Import took 0.063170 seconds .

========================================================================
Received Import Request.
  Time since last request: 8.952575 seconds.
  path: Assets/Prefabs/Map.prefab
  artifactKey: Guid(a45069545bc712c4ab6b8b56cdf10206) Importer(815301076,1909f56bfc062723c751e8b465ee728b)
Start importing Assets/Prefabs/Map.prefab using Guid(a45069545bc712c4ab6b8b56cdf10206) Importer(815301076,1909f56bfc062723c751e8b465ee728b)  -> (artifact id: 'a8b97ac58610876eb6c60108e009b8d5') in 0.055805 seconds
  Import took 0.062162 seconds .

========================================================================
Received Import Request.
  Time since last request: 10.409315 seconds.
  path: Assets/Prefabs/Map.prefab
  artifactKey: Guid(a45069545bc712c4ab6b8b56cdf10206) Importer(815301076,1909f56bfc062723c751e8b465ee728b)
Start importing Assets/Prefabs/Map.prefab using Guid(a45069545bc712c4ab6b8b56cdf10206) Importer(815301076,1909f56bfc062723c751e8b465ee728b)  -> (artifact id: 'd23680bf68a129d7b062dc81b8f3af37') in 0.063867 seconds
  Import took 0.072479 seconds .

========================================================================
Received Import Request.
  Time since last request: 75.445790 seconds.
  path: Assets/Prefabs/Buildings/BasicTower.prefab
  artifactKey: Guid(a12d0b024fa6c514d8f2b411285774e5) Importer(815301076,1909f56bfc062723c751e8b465ee728b)
Start importing Assets/Prefabs/Buildings/BasicTower.prefab using Guid(a12d0b024fa6c514d8f2b411285774e5) Importer(815301076,1909f56bfc062723c751e8b465ee728b)  -> (artifact id: '08b6525b8400e69ef958a8b4accfb77f') in 0.024066 seconds
  Import took 0.027978 seconds .

========================================================================
Received Prepare
Registering precompiled user dll's ...
Registered in 0.001416 seconds.
Begin MonoManager ReloadAssembly
Native extension for WindowsStandalone target not found
Refreshing native plugins compatible for Editor in 0.34 ms, found 0 plugins.
Preloading 0 native plugins for Editor in 0.00 ms.
Invoked RoslynAnalysisRunner static constructor.
RoslynAnalysisRunner will not be running.
RoslynAnalysisRunner has terminated.
Mono: successfully reloaded assembly
- Completed reload, in  1.089 seconds
Platform modules already initialized, skipping
Refreshing native plugins compatible for Editor in 0.40 ms, found 0 plugins.
Preloading 0 native plugins for Editor in 0.00 ms.
Unloading 1483 Unused Serialized files (Serialized files now loaded: 0)
System memory in use before: 86.1 MB.
System memory in use after: 86.2 MB.

Unloading 8 unused Assets to reduce memory usage. Loaded Objects now: 2022.
Total: 2.628800 ms (FindLiveObjects: 0.286300 ms CreateObjectMapping: 0.084200 ms MarkObjects: 2.211200 ms  DeleteObjects: 0.045700 ms)

========================================================================
Received Prepare
Registering precompiled user dll's ...
Registered in 0.001137 seconds.
Begin MonoManager ReloadAssembly
Native extension for WindowsStandalone target not found
Refreshing native plugins compatible for Editor in 0.34 ms, found 0 plugins.
Preloading 0 native plugins for Editor in 0.00 ms.
Invoked RoslynAnalysisRunner static constructor.
RoslynAnalysisRunner will not be running.
RoslynAnalysisRunner has terminated.
Mono: successfully reloaded assembly
- Completed reload, in  1.153 seconds
Platform modules already initialized, skipping
Refreshing native plugins compatible for Editor in 0.39 ms, found 0 plugins.
Preloading 0 native plugins for Editor in 0.00 ms.
Unloading 1483 Unused Serialized files (Serialized files now loaded: 0)
System memory in use before: 86.1 MB.
System memory in use after: 86.2 MB.

Unloading 5 unused Assets to reduce memory usage. Loaded Objects now: 2025.
Total: 2.852200 ms (FindLiveObjects: 0.314400 ms CreateObjectMapping: 0.084400 ms MarkObjects: 2.434300 ms  DeleteObjects: 0.017500 ms)

========================================================================
Received Prepare
Registering precompiled user dll's ...
Registered in 0.001112 seconds.
Begin MonoManager ReloadAssembly
Native extension for WindowsStandalone target not found
Refreshing native plugins compatible for Editor in 0.33 ms, found 0 plugins.
Preloading 0 native plugins for Editor in 0.00 ms.
Invoked RoslynAnalysisRunner static constructor.
RoslynAnalysisRunner will not be running.
RoslynAnalysisRunner has terminated.
Mono: successfully reloaded assembly
- Completed reload, in  1.152 seconds
Platform modules already initialized, skipping
Refreshing native plugins compatible for Editor in 0.39 ms, found 0 plugins.
Preloading 0 native plugins for Editor in 0.00 ms.
Unloading 1483 Unused Serialized files (Serialized files now loaded: 0)
System memory in use before: 86.1 MB.
System memory in use after: 86.2 MB.

Unloading 5 unused Assets to reduce memory usage. Loaded Objects now: 2028.
Total: 2.510500 ms (FindLiveObjects: 0.191500 ms CreateObjectMapping: 0.064900 ms MarkObjects: 2.233900 ms  DeleteObjects: 0.018300 ms)

========================================================================
Received Prepare
Registering precompiled user dll's ...
Registered in 0.001164 seconds.
Begin MonoManager ReloadAssembly
Native extension for WindowsStandalone target not found
Refreshing native plugins compatible for Editor in 0.33 ms, found 0 plugins.
Preloading 0 native plugins for Editor in 0.00 ms.
Invoked RoslynAnalysisRunner static constructor.
RoslynAnalysisRunner will not be running.
RoslynAnalysisRunner has terminated.
Mono: successfully reloaded assembly
- Completed reload, in  1.278 seconds
Platform modules already initialized, skipping
Refreshing native plugins compatible for Editor in 0.60 ms, found 0 plugins.
Preloading 0 native plugins for Editor in 0.00 ms.
Unloading 1483 Unused Serialized files (Serialized files now loaded: 0)
System memory in use before: 86.1 MB.
System memory in use after: 86.2 MB.

Unloading 5 unused Assets to reduce memory usage. Loaded Objects now: 2031.
Total: 2.440300 ms (FindLiveObjects: 0.234000 ms CreateObjectMapping: 0.125100 ms MarkObjects: 2.060900 ms  DeleteObjects: 0.019500 ms)

========================================================================
Received Prepare
Registering precompiled user dll's ...
Registered in 0.001188 seconds.
Begin MonoManager ReloadAssembly
Native extension for WindowsStandalone target not found
Refreshing native plugins compatible for Editor in 0.33 ms, found 0 plugins.
Preloading 0 native plugins for Editor in 0.00 ms.
Invoked RoslynAnalysisRunner static constructor.
RoslynAnalysisRunner will not be running.
RoslynAnalysisRunner has terminated.
Mono: successfully reloaded assembly
- Completed reload, in  1.125 seconds
Platform modules already initialized, skipping
Refreshing native plugins compatible for Editor in 0.48 ms, found 0 plugins.
Preloading 0 native plugins for Editor in 0.00 ms.
Unloading 1483 Unused Serialized files (Serialized files now loaded: 0)
System memory in use before: 86.1 MB.
System memory in use after: 86.2 MB.

Unloading 5 unused Assets to reduce memory usage. Loaded Objects now: 2034.
Total: 5.355200 ms (FindLiveObjects: 2.622900 ms CreateObjectMapping: 0.117000 ms MarkObjects: 2.592600 ms  DeleteObjects: 0.020800 ms)

========================================================================
Received Prepare
Registering precompiled user dll's ...
Registered in 0.001162 seconds.
Begin MonoManager ReloadAssembly
Native extension for WindowsStandalone target not found
Refreshing native plugins compatible for Editor in 0.59 ms, found 0 plugins.
Preloading 0 native plugins for Editor in 0.00 ms.
Invoked RoslynAnalysisRunner static constructor.
RoslynAnalysisRunner will not be running.
RoslynAnalysisRunner has terminated.
Mono: successfully reloaded assembly
- Completed reload, in  1.202 seconds
Platform modules already initialized, skipping
Refreshing native plugins compatible for Editor in 0.75 ms, found 0 plugins.
Preloading 0 native plugins for Editor in 0.00 ms.
Unloading 1483 Unused Serialized files (Serialized files now loaded: 0)
System memory in use before: 86.1 MB.
System memory in use after: 86.2 MB.

Unloading 5 unused Assets to reduce memory usage. Loaded Objects now: 2037.
Total: 2.818200 ms (FindLiveObjects: 0.277600 ms CreateObjectMapping: 0.194200 ms MarkObjects: 2.323600 ms  DeleteObjects: 0.021400 ms)

========================================================================
Received Prepare
Registering precompiled user dll's ...
Registered in 0.001224 seconds.
Begin MonoManager ReloadAssembly
Native extension for WindowsStandalone target not found
Refreshing native plugins compatible for Editor in 1.11 ms, found 0 plugins.
Preloading 0 native plugins for Editor in 0.00 ms.
Invoked RoslynAnalysisRunner static constructor.
RoslynAnalysisRunner will not be running.
RoslynAnalysisRunner has terminated.
Mono: successfully reloaded assembly
- Completed reload, in  1.075 seconds
Platform modules already initialized, skipping
Refreshing native plugins compatible for Editor in 0.43 ms, found 0 plugins.
Preloading 0 native plugins for Editor in 0.00 ms.
Unloading 1483 Unused Serialized files (Serialized files now loaded: 0)
System memory in use before: 86.1 MB.
System memory in use after: 86.3 MB.

Unloading 5 unused Assets to reduce memory usage. Loaded Objects now: 2040.
Total: 2.277600 ms (FindLiveObjects: 0.226200 ms CreateObjectMapping: 0.122300 ms MarkObjects: 1.909400 ms  DeleteObjects: 0.018600 ms)

========================================================================
Received Prepare
Registering precompiled user dll's ...
Registered in 0.001120 seconds.
Begin MonoManager ReloadAssembly
Native extension for WindowsStandalone target not found
Refreshing native plugins compatible for Editor in 0.40 ms, found 0 plugins.
Preloading 0 native plugins for Editor in 0.00 ms.
Invoked RoslynAnalysisRunner static constructor.
RoslynAnalysisRunner will not be running.
RoslynAnalysisRunner has terminated.
Mono: successfully reloaded assembly
- Completed reload, in  1.067 seconds
Platform modules already initialized, skipping
Refreshing native plugins compatible for Editor in 0.40 ms, found 0 plugins.
Preloading 0 native plugins for Editor in 0.00 ms.
Unloading 1483 Unused Serialized files (Serialized files now loaded: 0)
System memory in use before: 86.1 MB.
System memory in use after: 86.3 MB.

Unloading 5 unused Assets to reduce memory usage. Loaded Objects now: 2043.
Total: 2.415700 ms (FindLiveObjects: 0.229000 ms CreateObjectMapping: 0.123400 ms MarkObjects: 2.044200 ms  DeleteObjects: 0.018000 ms)

========================================================================
Received Import Request.
  Time since last request: 69265.348726 seconds.
  path: Assets/Scenes/Visual.unity
  artifactKey: Guid(9fc0d4010bbf28b4594072e72b8655ab) Importer(815301076,1909f56bfc062723c751e8b465ee728b)
Start importing Assets/Scenes/Visual.unity using Guid(9fc0d4010bbf28b4594072e72b8655ab) Importer(815301076,1909f56bfc062723c751e8b465ee728b)  -> (artifact id: '44e09b2b0945706093ca001ae583082e') in 0.026575 seconds
  Import took 0.033698 seconds .

========================================================================
Received Import Request.
  Time since last request: 185.661819 seconds.
  path: Assets/Scenes/Training.unity
  artifactKey: Guid(34d5ae62889b22149bf879d7a69fc391) Importer(815301076,1909f56bfc062723c751e8b465ee728b)
Start importing Assets/Scenes/Training.unity using Guid(34d5ae62889b22149bf879d7a69fc391) Importer(815301076,1909f56bfc062723c751e8b465ee728b)  -> (artifact id: '61f6fc3f359065f22a04fa7e0aacf8cd') in 0.013747 seconds
  Import took 0.018359 seconds .

========================================================================
Received Prepare
Registering precompiled user dll's ...
Registered in 0.001112 seconds.
Begin MonoManager ReloadAssembly
Native extension for WindowsStandalone target not found
Refreshing native plugins compatible for Editor in 0.32 ms, found 0 plugins.
Preloading 0 native plugins for Editor in 0.00 ms.
Invoked RoslynAnalysisRunner static constructor.
RoslynAnalysisRunner will not be running.
RoslynAnalysisRunner has terminated.
Mono: successfully reloaded assembly
- Completed reload, in  1.141 seconds
Platform modules already initialized, skipping
Refreshing native plugins compatible for Editor in 0.41 ms, found 0 plugins.
Preloading 0 native plugins for Editor in 0.00 ms.
Unloading 1483 Unused Serialized files (Serialized files now loaded: 0)
System memory in use before: 86.2 MB.
System memory in use after: 86.3 MB.

Unloading 5 unused Assets to reduce memory usage. Loaded Objects now: 2046.
Total: 2.690800 ms (FindLiveObjects: 0.273400 ms CreateObjectMapping: 0.133500 ms MarkObjects: 2.256100 ms  DeleteObjects: 0.025300 ms)

========================================================================
Received Import Request.
  Time since last request: 23.559665 seconds.
  path: Assets/Prefabs/AI/RulesAITrainer.prefab
  artifactKey: Guid(186f7a5ee06e88740a263c80a4cc45a0) Importer(815301076,1909f56bfc062723c751e8b465ee728b)
Start importing Assets/Prefabs/AI/RulesAITrainer.prefab using Guid(186f7a5ee06e88740a263c80a4cc45a0) Importer(815301076,1909f56bfc062723c751e8b465ee728b)  -> (artifact id: '08e623483f79ebb1eb7e079a1d5e611c') in 0.045247 seconds
  Import took 0.050298 seconds .

========================================================================
Received Import Request.
  Time since last request: 4480.915934 seconds.
  path: Assets/Scenes/Visual.unity
  artifactKey: Guid(9fc0d4010bbf28b4594072e72b8655ab) Importer(815301076,1909f56bfc062723c751e8b465ee728b)
Start importing Assets/Scenes/Visual.unity using Guid(9fc0d4010bbf28b4594072e72b8655ab) Importer(815301076,1909f56bfc062723c751e8b465ee728b)  -> (artifact id: 'b515db55b54e8fb74115993c42cedd6e') in 0.043191 seconds
  Import took 0.051329 seconds .

========================================================================
Received Prepare
Registering precompiled user dll's ...
Registered in 0.005870 seconds.
Begin MonoManager ReloadAssembly
Native extension for WindowsStandalone target not found
Refreshing native plugins compatible for Editor in 0.32 ms, found 0 plugins.
Preloading 0 native plugins for Editor in 0.00 ms.
Invoked RoslynAnalysisRunner static constructor.
RoslynAnalysisRunner will not be running.
RoslynAnalysisRunner has terminated.
Mono: successfully reloaded assembly
- Completed reload, in  1.275 seconds
Platform modules already initialized, skipping
Refreshing native plugins compatible for Editor in 0.44 ms, found 0 plugins.
Preloading 0 native plugins for Editor in 0.00 ms.
Unloading 1483 Unused Serialized files (Serialized files now loaded: 0)
System memory in use before: 86.2 MB.
System memory in use after: 86.3 MB.

Unloading 5 unused Assets to reduce memory usage. Loaded Objects now: 2049.
Total: 2.458500 ms (FindLiveObjects: 0.331100 ms CreateObjectMapping: 0.066300 ms MarkObjects: 2.026600 ms  DeleteObjects: 0.032700 ms)

========================================================================
Received Import Request.
  Time since last request: 16.439810 seconds.
  path: Assets/Scenes/Training.unity
  artifactKey: Guid(34d5ae62889b22149bf879d7a69fc391) Importer(815301076,1909f56bfc062723c751e8b465ee728b)
Start importing Assets/Scenes/Training.unity using Guid(34d5ae62889b22149bf879d7a69fc391) Importer(815301076,1909f56bfc062723c751e8b465ee728b)  -> (artifact id: '71a46755e7342f7e98ab5336a00edb53') in 0.024200 seconds
  Import took 0.030288 seconds .

========================================================================
Received Import Request.
  Time since last request: 0.000758 seconds.
  path: Assets/Scenes/Training.unity
  artifactKey: Guid(34d5ae62889b22149bf879d7a69fc391) Importer(815301076,1909f56bfc062723c751e8b465ee728b)
Start importing Assets/Scenes/Training.unity using Guid(34d5ae62889b22149bf879d7a69fc391) Importer(815301076,1909f56bfc062723c751e8b465ee728b)  -> (artifact id: '71a46755e7342f7e98ab5336a00edb53') in 0.006168 seconds
  Import took 0.010564 seconds .

========================================================================
Received Prepare
Registering precompiled user dll's ...
Registered in 0.010905 seconds.
Begin MonoManager ReloadAssembly
Native extension for WindowsStandalone target not found
Refreshing native plugins compatible for Editor in 0.36 ms, found 0 plugins.
Preloading 0 native plugins for Editor in 0.00 ms.
Invoked RoslynAnalysisRunner static constructor.
RoslynAnalysisRunner will not be running.
RoslynAnalysisRunner has terminated.
Mono: successfully reloaded assembly
- Completed reload, in  1.788 seconds
Platform modules already initialized, skipping
Refreshing native plugins compatible for Editor in 0.43 ms, found 0 plugins.
Preloading 0 native plugins for Editor in 0.00 ms.
Unloading 1483 Unused Serialized files (Serialized files now loaded: 0)
System memory in use before: 86.2 MB.
System memory in use after: 86.3 MB.

Unloading 5 unused Assets to reduce memory usage. Loaded Objects now: 2052.
Total: 2.224300 ms (FindLiveObjects: 0.225000 ms CreateObjectMapping: 0.113800 ms MarkObjects: 1.850500 ms  DeleteObjects: 0.033900 ms)

========================================================================
Received Prepare
Registering precompiled user dll's ...
Registered in 0.001527 seconds.
Begin MonoManager ReloadAssembly
Native extension for WindowsStandalone target not found
Refreshing native plugins compatible for Editor in 0.59 ms, found 0 plugins.
Preloading 0 native plugins for Editor in 0.00 ms.
Invoked RoslynAnalysisRunner static constructor.
RoslynAnalysisRunner will not be running.
RoslynAnalysisRunner has terminated.
Mono: successfully reloaded assembly
- Completed reload, in  1.491 seconds
Platform modules already initialized, skipping
Refreshing native plugins compatible for Editor in 0.40 ms, found 0 plugins.
Preloading 0 native plugins for Editor in 0.00 ms.
Unloading 1483 Unused Serialized files (Serialized files now loaded: 0)
System memory in use before: 86.2 MB.
System memory in use after: 86.3 MB.

Unloading 5 unused Assets to reduce memory usage. Loaded Objects now: 2055.
Total: 2.136400 ms (FindLiveObjects: 0.231100 ms CreateObjectMapping: 0.062200 ms MarkObjects: 1.820200 ms  DeleteObjects: 0.020300 ms)

========================================================================
Received Prepare
Registering precompiled user dll's ...
Registered in 0.001115 seconds.
Begin MonoManager ReloadAssembly
Native extension for WindowsStandalone target not found
Refreshing native plugins compatible for Editor in 0.35 ms, found 0 plugins.
Preloading 0 native plugins for Editor in 0.00 ms.
Invoked RoslynAnalysisRunner static constructor.
RoslynAnalysisRunner will not be running.
RoslynAnalysisRunner has terminated.
Mono: successfully reloaded assembly
- Completed reload, in  1.326 seconds
Platform modules already initialized, skipping
Refreshing native plugins compatible for Editor in 0.42 ms, found 0 plugins.
Preloading 0 native plugins for Editor in 0.00 ms.
Unloading 1483 Unused Serialized files (Serialized files now loaded: 0)
System memory in use before: 86.2 MB.
System memory in use after: 86.3 MB.

Unloading 5 unused Assets to reduce memory usage. Loaded Objects now: 2058.
Total: 2.578600 ms (FindLiveObjects: 0.282400 ms CreateObjectMapping: 0.142600 ms MarkObjects: 2.123200 ms  DeleteObjects: 0.029200 ms)

========================================================================
Received Prepare
Registering precompiled user dll's ...
Registered in 0.001192 seconds.
Begin MonoManager ReloadAssembly
Native extension for WindowsStandalone target not found
Refreshing native plugins compatible for Editor in 0.50 ms, found 0 plugins.
Preloading 0 native plugins for Editor in 0.00 ms.
Invoked RoslynAnalysisRunner static constructor.
RoslynAnalysisRunner will not be running.
RoslynAnalysisRunner has terminated.
Mono: successfully reloaded assembly
- Completed reload, in  1.497 seconds
Platform modules already initialized, skipping
Refreshing native plugins compatible for Editor in 0.41 ms, found 0 plugins.
Preloading 0 native plugins for Editor in 0.00 ms.
Unloading 1483 Unused Serialized files (Serialized files now loaded: 0)
System memory in use before: 86.2 MB.
System memory in use after: 86.3 MB.

Unloading 5 unused Assets to reduce memory usage. Loaded Objects now: 2061.
Total: 3.194800 ms (FindLiveObjects: 0.532300 ms CreateObjectMapping: 0.166600 ms MarkObjects: 2.467000 ms  DeleteObjects: 0.023300 ms)

========================================================================
Received Prepare
Registering precompiled user dll's ...
Registered in 0.001141 seconds.
Begin MonoManager ReloadAssembly
Native extension for WindowsStandalone target not found
Refreshing native plugins compatible for Editor in 0.32 ms, found 0 plugins.
Preloading 0 native plugins for Editor in 0.00 ms.
Invoked RoslynAnalysisRunner static constructor.
RoslynAnalysisRunner will not be running.
RoslynAnalysisRunner has terminated.
Mono: successfully reloaded assembly
- Completed reload, in  1.092 seconds
Platform modules already initialized, skipping
Refreshing native plugins compatible for Editor in 0.44 ms, found 0 plugins.
Preloading 0 native plugins for Editor in 0.00 ms.
Unloading 1483 Unused Serialized files (Serialized files now loaded: 0)
System memory in use before: 86.2 MB.
System memory in use after: 86.3 MB.

Unloading 5 unused Assets to reduce memory usage. Loaded Objects now: 2064.
Total: 2.616800 ms (FindLiveObjects: 0.333200 ms CreateObjectMapping: 0.120000 ms MarkObjects: 2.143700 ms  DeleteObjects: 0.018300 ms)

========================================================================
Received Prepare
Registering precompiled user dll's ...
Registered in 0.001171 seconds.
Begin MonoManager ReloadAssembly
Native extension for WindowsStandalone target not found
Refreshing native plugins compatible for Editor in 0.36 ms, found 0 plugins.
Preloading 0 native plugins for Editor in 0.00 ms.
Invoked RoslynAnalysisRunner static constructor.
RoslynAnalysisRunner will not be running.
RoslynAnalysisRunner has terminated.
Mono: successfully reloaded assembly
- Completed reload, in  1.131 seconds
Platform modules already initialized, skipping
Refreshing native plugins compatible for Editor in 0.55 ms, found 0 plugins.
Preloading 0 native plugins for Editor in 0.00 ms.
Unloading 1483 Unused Serialized files (Serialized files now loaded: 0)
System memory in use before: 86.2 MB.
System memory in use after: 86.3 MB.

Unloading 5 unused Assets to reduce memory usage. Loaded Objects now: 2067.
Total: 2.579600 ms (FindLiveObjects: 0.312000 ms CreateObjectMapping: 0.088500 ms MarkObjects: 2.156500 ms  DeleteObjects: 0.020200 ms)

========================================================================
Received Prepare
Registering precompiled user dll's ...
Registered in 0.001177 seconds.
Begin MonoManager ReloadAssembly
Native extension for WindowsStandalone target not found
Refreshing native plugins compatible for Editor in 0.32 ms, found 0 plugins.
Preloading 0 native plugins for Editor in 0.00 ms.
Invoked RoslynAnalysisRunner static constructor.
RoslynAnalysisRunner will not be running.
RoslynAnalysisRunner has terminated.
Mono: successfully reloaded assembly
- Completed reload, in  1.089 seconds
Platform modules already initialized, skipping
Refreshing native plugins compatible for Editor in 0.40 ms, found 0 plugins.
Preloading 0 native plugins for Editor in 0.00 ms.
Unloading 1483 Unused Serialized files (Serialized files now loaded: 0)
System memory in use before: 86.2 MB.
System memory in use after: 86.3 MB.

Unloading 5 unused Assets to reduce memory usage. Loaded Objects now: 2070.
Total: 2.230700 ms (FindLiveObjects: 0.249000 ms CreateObjectMapping: 0.086600 ms MarkObjects: 1.879700 ms  DeleteObjects: 0.014500 ms)

========================================================================
Received Prepare
Registering precompiled user dll's ...
Registered in 0.001187 seconds.
Begin MonoManager ReloadAssembly
Native extension for WindowsStandalone target not found
Refreshing native plugins compatible for Editor in 0.34 ms, found 0 plugins.
Preloading 0 native plugins for Editor in 0.00 ms.
Invoked RoslynAnalysisRunner static constructor.
RoslynAnalysisRunner will not be running.
RoslynAnalysisRunner has terminated.
Mono: successfully reloaded assembly
- Completed reload, in  1.078 seconds
Platform modules already initialized, skipping
Refreshing native plugins compatible for Editor in 0.45 ms, found 0 plugins.
Preloading 0 native plugins for Editor in 0.00 ms.
Unloading 1483 Unused Serialized files (Serialized files now loaded: 0)
System memory in use before: 86.2 MB.
System memory in use after: 86.3 MB.

Unloading 5 unused Assets to reduce memory usage. Loaded Objects now: 2073.
Total: 2.568600 ms (FindLiveObjects: 0.278100 ms CreateObjectMapping: 0.077300 ms MarkObjects: 2.191200 ms  DeleteObjects: 0.020200 ms)

========================================================================
Received Prepare
Registering precompiled user dll's ...
Registered in 0.001457 seconds.
Begin MonoManager ReloadAssembly
Native extension for WindowsStandalone target not found
Refreshing native plugins compatible for Editor in 0.35 ms, found 0 plugins.
Preloading 0 native plugins for Editor in 0.00 ms.
Invoked RoslynAnalysisRunner static constructor.
RoslynAnalysisRunner will not be running.
RoslynAnalysisRunner has terminated.
Mono: successfully reloaded assembly
- Completed reload, in  1.218 seconds
Platform modules already initialized, skipping
Refreshing native plugins compatible for Editor in 0.39 ms, found 0 plugins.
Preloading 0 native plugins for Editor in 0.00 ms.
Unloading 1483 Unused Serialized files (Serialized files now loaded: 0)
System memory in use before: 86.2 MB.
System memory in use after: 86.3 MB.

Unloading 5 unused Assets to reduce memory usage. Loaded Objects now: 2076.
Total: 2.197500 ms (FindLiveObjects: 0.199100 ms CreateObjectMapping: 0.060700 ms MarkObjects: 1.920000 ms  DeleteObjects: 0.016600 ms)

========================================================================
Received Prepare
Registering precompiled user dll's ...
Registered in 0.001409 seconds.
Begin MonoManager ReloadAssembly
Native extension for WindowsStandalone target not found
Refreshing native plugins compatible for Editor in 0.63 ms, found 0 plugins.
Preloading 0 native plugins for Editor in 0.00 ms.
Invoked RoslynAnalysisRunner static constructor.
RoslynAnalysisRunner will not be running.
RoslynAnalysisRunner has terminated.
Mono: successfully reloaded assembly
- Completed reload, in  1.561 seconds
Platform modules already initialized, skipping
Refreshing native plugins compatible for Editor in 0.41 ms, found 0 plugins.
Preloading 0 native plugins for Editor in 0.00 ms.
Unloading 1483 Unused Serialized files (Serialized files now loaded: 0)
System memory in use before: 86.2 MB.
System memory in use after: 86.3 MB.

Unloading 5 unused Assets to reduce memory usage. Loaded Objects now: 2079.
Total: 2.397800 ms (FindLiveObjects: 0.249000 ms CreateObjectMapping: 0.126400 ms MarkObjects: 1.999000 ms  DeleteObjects: 0.022000 ms)

========================================================================
Received Prepare
Registering precompiled user dll's ...
Registered in 0.001790 seconds.
Begin MonoManager ReloadAssembly
Native extension for WindowsStandalone target not found
Refreshing native plugins compatible for Editor in 0.61 ms, found 0 plugins.
Preloading 0 native plugins for Editor in 0.00 ms.
Invoked RoslynAnalysisRunner static constructor.
RoslynAnalysisRunner will not be running.
RoslynAnalysisRunner has terminated.
Mono: successfully reloaded assembly
- Completed reload, in  1.422 seconds
Platform modules already initialized, skipping
Refreshing native plugins compatible for Editor in 0.47 ms, found 0 plugins.
Preloading 0 native plugins for Editor in 0.00 ms.
Unloading 1483 Unused Serialized files (Serialized files now loaded: 0)
System memory in use before: 86.2 MB.
System memory in use after: 86.3 MB.

Unloading 5 unused Assets to reduce memory usage. Loaded Objects now: 2082.
Total: 2.977200 ms (FindLiveObjects: 0.381700 ms CreateObjectMapping: 0.127800 ms MarkObjects: 2.447300 ms  DeleteObjects: 0.018200 ms)

========================================================================
Received Prepare
Registering precompiled user dll's ...
Registered in 0.001593 seconds.
Begin MonoManager ReloadAssembly
Native extension for WindowsStandalone target not found
Refreshing native plugins compatible for Editor in 0.52 ms, found 0 plugins.
Preloading 0 native plugins for Editor in 0.00 ms.
Invoked RoslynAnalysisRunner static constructor.
RoslynAnalysisRunner will not be running.
RoslynAnalysisRunner has terminated.
Mono: successfully reloaded assembly
- Completed reload, in  1.412 seconds
Platform modules already initialized, skipping
Refreshing native plugins compatible for Editor in 0.46 ms, found 0 plugins.
Preloading 0 native plugins for Editor in 0.00 ms.
Unloading 1483 Unused Serialized files (Serialized files now loaded: 0)
System memory in use before: 86.2 MB.
System memory in use after: 86.3 MB.

Unloading 5 unused Assets to reduce memory usage. Loaded Objects now: 2085.
Total: 2.901700 ms (FindLiveObjects: 0.310300 ms CreateObjectMapping: 0.069200 ms MarkObjects: 2.476200 ms  DeleteObjects: 0.044200 ms)

========================================================================
Received Prepare
Registering precompiled user dll's ...
Registered in 0.001619 seconds.
Begin MonoManager ReloadAssembly
Native extension for WindowsStandalone target not found
Refreshing native plugins compatible for Editor in 0.33 ms, found 0 plugins.
Preloading 0 native plugins for Editor in 0.00 ms.
Invoked RoslynAnalysisRunner static constructor.
RoslynAnalysisRunner will not be running.
RoslynAnalysisRunner has terminated.
Mono: successfully reloaded assembly
- Completed reload, in  1.334 seconds
Platform modules already initialized, skipping
Refreshing native plugins compatible for Editor in 0.76 ms, found 0 plugins.
Preloading 0 native plugins for Editor in 0.00 ms.
Unloading 1483 Unused Serialized files (Serialized files now loaded: 0)
System memory in use before: 86.3 MB.
System memory in use after: 86.4 MB.

Unloading 5 unused Assets to reduce memory usage. Loaded Objects now: 2088.
Total: 3.145600 ms (FindLiveObjects: 0.201000 ms CreateObjectMapping: 0.064800 ms MarkObjects: 2.831500 ms  DeleteObjects: 0.046600 ms)

========================================================================
Received Prepare
Registering precompiled user dll's ...
Registered in 0.001292 seconds.
Begin MonoManager ReloadAssembly
Native extension for WindowsStandalone target not found
Refreshing native plugins compatible for Editor in 0.31 ms, found 0 plugins.
Preloading 0 native plugins for Editor in 0.00 ms.
Invoked RoslynAnalysisRunner static constructor.
RoslynAnalysisRunner will not be running.
RoslynAnalysisRunner has terminated.
Mono: successfully reloaded assembly
- Completed reload, in  1.076 seconds
Platform modules already initialized, skipping
Refreshing native plugins compatible for Editor in 0.46 ms, found 0 plugins.
Preloading 0 native plugins for Editor in 0.00 ms.
Unloading 1483 Unused Serialized files (Serialized files now loaded: 0)
System memory in use before: 86.3 MB.
System memory in use after: 86.4 MB.

Unloading 5 unused Assets to reduce memory usage. Loaded Objects now: 2091.
Total: 2.654800 ms (FindLiveObjects: 0.256600 ms CreateObjectMapping: 0.131300 ms MarkObjects: 2.244500 ms  DeleteObjects: 0.020600 ms)

========================================================================
Received Prepare
Registering precompiled user dll's ...
Registered in 0.001659 seconds.
Begin MonoManager ReloadAssembly
Native extension for WindowsStandalone target not found
Refreshing native plugins compatible for Editor in 0.33 ms, found 0 plugins.
Preloading 0 native plugins for Editor in 0.00 ms.
Invoked RoslynAnalysisRunner static constructor.
RoslynAnalysisRunner will not be running.
RoslynAnalysisRunner has terminated.
Mono: successfully reloaded assembly
- Completed reload, in  1.456 seconds
Platform modules already initialized, skipping
Refreshing native plugins compatible for Editor in 0.62 ms, found 0 plugins.
Preloading 0 native plugins for Editor in 0.00 ms.
Unloading 1483 Unused Serialized files (Serialized files now loaded: 0)
System memory in use before: 86.3 MB.
System memory in use after: 86.4 MB.

Unloading 5 unused Assets to reduce memory usage. Loaded Objects now: 2094.
Total: 3.940600 ms (FindLiveObjects: 0.340100 ms CreateObjectMapping: 0.205300 ms MarkObjects: 3.373400 ms  DeleteObjects: 0.019900 ms)

========================================================================
Received Prepare
Registering precompiled user dll's ...
Registered in 0.001386 seconds.
Begin MonoManager ReloadAssembly
Native extension for WindowsStandalone target not found
Refreshing native plugins compatible for Editor in 0.31 ms, found 0 plugins.
Preloading 0 native plugins for Editor in 0.00 ms.
Invoked RoslynAnalysisRunner static constructor.
RoslynAnalysisRunner will not be running.
RoslynAnalysisRunner has terminated.
Mono: successfully reloaded assembly
- Completed reload, in  1.090 seconds
Platform modules already initialized, skipping
Refreshing native plugins compatible for Editor in 0.40 ms, found 0 plugins.
Preloading 0 native plugins for Editor in 0.00 ms.
Unloading 1483 Unused Serialized files (Serialized files now loaded: 0)
System memory in use before: 86.3 MB.
System memory in use after: 86.4 MB.

Unloading 5 unused Assets to reduce memory usage. Loaded Objects now: 2097.
Total: 2.402300 ms (FindLiveObjects: 0.235000 ms CreateObjectMapping: 0.117600 ms MarkObjects: 2.031300 ms  DeleteObjects: 0.017100 ms)

========================================================================
Received Prepare
Registering precompiled user dll's ...
Registered in 0.001628 seconds.
Begin MonoManager ReloadAssembly
Native extension for WindowsStandalone target not found
Refreshing native plugins compatible for Editor in 0.32 ms, found 0 plugins.
Preloading 0 native plugins for Editor in 0.00 ms.
Invoked RoslynAnalysisRunner static constructor.
RoslynAnalysisRunner will not be running.
RoslynAnalysisRunner has terminated.
Mono: successfully reloaded assembly
- Completed reload, in  1.085 seconds
Platform modules already initialized, skipping
Refreshing native plugins compatible for Editor in 0.40 ms, found 0 plugins.
Preloading 0 native plugins for Editor in 0.00 ms.
Unloading 1483 Unused Serialized files (Serialized files now loaded: 0)
System memory in use before: 86.3 MB.
System memory in use after: 86.4 MB.

Unloading 5 unused Assets to reduce memory usage. Loaded Objects now: 2100.
Total: 2.380500 ms (FindLiveObjects: 0.213700 ms CreateObjectMapping: 0.108300 ms MarkObjects: 2.038300 ms  DeleteObjects: 0.018900 ms)

========================================================================
Received Prepare
Registering precompiled user dll's ...
Registered in 0.001457 seconds.
Begin MonoManager ReloadAssembly
Native extension for WindowsStandalone target not found
Refreshing native plugins compatible for Editor in 0.39 ms, found 0 plugins.
Preloading 0 native plugins for Editor in 0.00 ms.
Invoked RoslynAnalysisRunner static constructor.
RoslynAnalysisRunner will not be running.
RoslynAnalysisRunner has terminated.
Mono: successfully reloaded assembly
- Completed reload, in  1.566 seconds
Platform modules already initialized, skipping
Refreshing native plugins compatible for Editor in 0.45 ms, found 0 plugins.
Preloading 0 native plugins for Editor in 0.00 ms.
Unloading 1483 Unused Serialized files (Serialized files now loaded: 0)
System memory in use before: 86.3 MB.
System memory in use after: 86.4 MB.

Unloading 5 unused Assets to reduce memory usage. Loaded Objects now: 2103.
Total: 2.422400 ms (FindLiveObjects: 0.235100 ms CreateObjectMapping: 0.070500 ms MarkObjects: 2.094600 ms  DeleteObjects: 0.020100 ms)

========================================================================
Received Prepare
Registering precompiled user dll's ...
Registered in 0.001248 seconds.
Begin MonoManager ReloadAssembly
Native extension for WindowsStandalone target not found
Refreshing native plugins compatible for Editor in 0.36 ms, found 0 plugins.
Preloading 0 native plugins for Editor in 0.00 ms.
Invoked RoslynAnalysisRunner static constructor.
RoslynAnalysisRunner will not be running.
RoslynAnalysisRunner has terminated.
Mono: successfully reloaded assembly
- Completed reload, in  1.269 seconds
Platform modules already initialized, skipping
Refreshing native plugins compatible for Editor in 0.45 ms, found 0 plugins.
Preloading 0 native plugins for Editor in 0.00 ms.
Unloading 1483 Unused Serialized files (Serialized files now loaded: 0)
System memory in use before: 86.3 MB.
System memory in use after: 86.4 MB.

Unloading 5 unused Assets to reduce memory usage. Loaded Objects now: 2106.
Total: 4.712900 ms (FindLiveObjects: 0.469700 ms CreateObjectMapping: 0.206200 ms MarkObjects: 4.005900 ms  DeleteObjects: 0.029000 ms)

========================================================================
Received Prepare
Registering precompiled user dll's ...
Registered in 0.001129 seconds.
Begin MonoManager ReloadAssembly
Native extension for WindowsStandalone target not found
Refreshing native plugins compatible for Editor in 0.53 ms, found 0 plugins.
Preloading 0 native plugins for Editor in 0.00 ms.
Invoked RoslynAnalysisRunner static constructor.
RoslynAnalysisRunner will not be running.
RoslynAnalysisRunner has terminated.
Mono: successfully reloaded assembly
- Completed reload, in  8.765 seconds
Platform modules already initialized, skipping
Refreshing native plugins compatible for Editor in 0.50 ms, found 0 plugins.
Preloading 0 native plugins for Editor in 0.00 ms.
Unloading 1483 Unused Serialized files (Serialized files now loaded: 0)
System memory in use before: 86.3 MB.
System memory in use after: 86.4 MB.

Unloading 5 unused Assets to reduce memory usage. Loaded Objects now: 2109.
Total: 18.773400 ms (FindLiveObjects: 0.828300 ms CreateObjectMapping: 0.109800 ms MarkObjects: 17.808900 ms  DeleteObjects: 0.023600 ms)

